2019-09-10 09:47:55,373 INFO [Thread-20] org.quartz.core.QuartzScheduler [QuartzScheduler.java : 585] Scheduler quartzScheduler_$_NON_CLUSTERED paused.
2019-09-10 09:47:55,386 INFO [Thread-20] o.s.s.c.ThreadPoolTaskScheduler [ExecutorConfigurationSupport.java : 208] Shutting down ExecutorService 'taskScheduler'
2019-09-10 09:47:55,386 INFO [Thread-20] o.s.s.quartz.SchedulerFactoryBean [SchedulerFactoryBean.java : 844] Shutting down Quartz Scheduler
2019-09-10 09:47:55,386 INFO [Thread-20] org.quartz.core.QuartzScheduler [QuartzScheduler.java : 666] Scheduler quartzScheduler_$_NON_CLUSTERED shutting down.
2019-09-10 09:47:55,387 INFO [Thread-20] org.quartz.core.QuartzScheduler [QuartzScheduler.java : 585] Scheduler quartzScheduler_$_NON_CLUSTERED paused.
2019-09-10 09:47:55,388 INFO [Thread-20] org.quartz.core.QuartzScheduler [QuartzScheduler.java : 740] Scheduler quartzScheduler_$_NON_CLUSTERED shutdown complete.
2019-09-10 09:47:55,389 INFO [Thread-20] o.s.s.c.ThreadPoolTaskExecutor [ExecutorConfigurationSupport.java : 208] Shutting down ExecutorService 'applicationTaskExecutor'
2019-09-10 09:48:03,545 INFO [restartedMain] com.phonecard.Application [StartupInfoLogger.java : 50] Starting Application on PC-2017062 with PID 34420 (F:\phonecard\target\classes started by Administrator in F:\phonecard)
2019-09-10 09:48:03,547 INFO [restartedMain] com.phonecard.Application [SpringApplication.java : 650] The following profiles are active: mybatis,mybatis-config-javaconfig,mybatis-mapping-xml
2019-09-10 09:48:03,776 INFO [restartedMain] o.s.b.d.e.DevToolsPropertyDefaultsPostProcessor [DeferredLog.java : 225] Devtools property defaults active! Set 'spring.devtools.add-properties' to 'false' to disable
2019-09-10 09:48:03,776 INFO [restartedMain] o.s.b.d.e.DevToolsPropertyDefaultsPostProcessor [DeferredLog.java : 225] For additional web related logging consider setting the 'logging.level.web' property to 'DEBUG'
2019-09-10 09:48:04,663 INFO [restartedMain] o.s.d.r.c.RepositoryConfigurationDelegate [RepositoryConfigurationDelegate.java : 244] Multiple Spring Data modules found, entering strict repository configuration mode!
2019-09-10 09:48:04,664 INFO [restartedMain] o.s.d.r.c.RepositoryConfigurationDelegate [RepositoryConfigurationDelegate.java : 126] Bootstrapping Spring Data repositories in DEFAULT mode.
2019-09-10 09:48:04,693 INFO [restartedMain] o.s.d.r.c.RepositoryConfigurationDelegate [RepositoryConfigurationDelegate.java : 182] Finished Spring Data repository scanning in 17ms. Found 0 repository interfaces.
2019-09-10 09:48:05,025 INFO [restartedMain] o.s.c.s.PostProcessorRegistrationDelegate$BeanPostProcessorChecker [PostProcessorRegistrationDelegate.java : 330] Bean 'redisConfig' of type [com.phonecard.config.RedisConfig$$EnhancerBySpringCGLIB$$137c6cb5] is not eligible for getting processed by all BeanPostProcessors (for example: not eligible for auto-proxying)
2019-09-10 09:48:05,035 INFO [restartedMain] o.s.c.s.PostProcessorRegistrationDelegate$BeanPostProcessorChecker [PostProcessorRegistrationDelegate.java : 330] Bean 'org.springframework.transaction.annotation.ProxyTransactionManagementConfiguration' of type [org.springframework.transaction.annotation.ProxyTransactionManagementConfiguration$$EnhancerBySpringCGLIB$$5aa51a02] is not eligible for getting processed by all BeanPostProcessors (for example: not eligible for auto-proxying)
2019-09-10 09:48:05,507 INFO [restartedMain] o.s.b.w.e.tomcat.TomcatWebServer [TomcatWebServer.java : 90] Tomcat initialized with port(s): 82 (http)
2019-09-10 09:48:05,523 INFO [restartedMain] o.a.coyote.http11.Http11NioProtocol [DirectJDKLog.java : 173] Initializing ProtocolHandler ["http-nio-82"]
2019-09-10 09:48:05,535 INFO [restartedMain] o.a.catalina.core.StandardService [DirectJDKLog.java : 173] Starting service [Tomcat]
2019-09-10 09:48:05,535 INFO [restartedMain] o.a.catalina.core.StandardEngine [DirectJDKLog.java : 173] Starting Servlet engine: [Apache Tomcat/9.0.21]
2019-09-10 09:48:05,647 INFO [restartedMain] o.a.c.c.C.[Tomcat].[localhost].[/] [DirectJDKLog.java : 173] Initializing Spring embedded WebApplicationContext
2019-09-10 09:48:05,647 INFO [restartedMain] o.s.web.context.ContextLoader [ServletWebServerApplicationContext.java : 283] Root WebApplicationContext: initialization completed in 1871 ms
2019-09-10 09:48:06,799 INFO [restartedMain] s.d.s.w.PropertySourcedRequestMappingHandlerMapping [PropertySourcedRequestMappingHandlerMapping.java : 69] Mapped URL path [/v2/api-docs] onto method [public org.springframework.http.ResponseEntity<springfox.documentation.spring.web.json.Json> springfox.documentation.swagger2.web.Swagger2Controller.getDocumentation(java.lang.String,javax.servlet.http.HttpServletRequest)]
2019-09-10 09:48:06,981 INFO [restartedMain] o.s.s.c.ThreadPoolTaskExecutor [ExecutorConfigurationSupport.java : 171] Initializing ExecutorService 'applicationTaskExecutor'
2019-09-10 09:48:07,028 INFO [restartedMain] o.s.b.d.a.OptionalLiveReloadServer [OptionalLiveReloadServer.java : 57] LiveReload server is running on port 35729
2019-09-10 09:48:08,272 INFO [restartedMain] org.quartz.impl.StdSchedulerFactory [StdSchedulerFactory.java : 1208] Using default implementation for ThreadExecutor
2019-09-10 09:48:08,292 INFO [restartedMain] o.quartz.core.SchedulerSignalerImpl [SchedulerSignalerImpl.java : 61] Initialized Scheduler Signaller of type: class org.quartz.core.SchedulerSignalerImpl
2019-09-10 09:48:08,292 INFO [restartedMain] org.quartz.core.QuartzScheduler [QuartzScheduler.java : 229] Quartz Scheduler v.2.3.0 created.
2019-09-10 09:48:08,294 INFO [restartedMain] org.quartz.simpl.RAMJobStore [RAMJobStore.java : 155] RAMJobStore initialized.
2019-09-10 09:48:08,295 INFO [restartedMain] org.quartz.core.QuartzScheduler [QuartzScheduler.java : 294] Scheduler meta-data: Quartz Scheduler (v2.3.0) 'quartzScheduler' with instanceId 'NON_CLUSTERED'
  Scheduler class: 'org.quartz.core.QuartzScheduler' - running locally.
  NOT STARTED.
  Currently in standby mode.
  Number of jobs executed: 0
  Using thread pool 'org.quartz.simpl.SimpleThreadPool' - with 10 threads.
  Using job-store 'org.quartz.simpl.RAMJobStore' - which does not support persistence. and is not clustered.

2019-09-10 09:48:08,295 INFO [restartedMain] org.quartz.impl.StdSchedulerFactory [StdSchedulerFactory.java : 1362] Quartz scheduler 'quartzScheduler' initialized from an externally provided properties instance.
2019-09-10 09:48:08,296 INFO [restartedMain] org.quartz.impl.StdSchedulerFactory [StdSchedulerFactory.java : 1366] Quartz scheduler version: 2.3.0
2019-09-10 09:48:08,296 INFO [restartedMain] org.quartz.core.QuartzScheduler [QuartzScheduler.java : 2287] JobFactory set to: org.springframework.scheduling.quartz.SpringBeanJobFactory@111928ed
2019-09-10 09:48:08,312 INFO [restartedMain] o.s.s.c.ThreadPoolTaskScheduler [ExecutorConfigurationSupport.java : 171] Initializing ExecutorService 'taskScheduler'
2019-09-10 09:48:08,395 INFO [restartedMain] s.d.s.w.p.DocumentationPluginsBootstrapper [DocumentationPluginsBootstrapper.java : 147] Context refreshed
2019-09-10 09:48:08,410 INFO [restartedMain] s.d.s.w.p.DocumentationPluginsBootstrapper [DocumentationPluginsBootstrapper.java : 150] Found 1 custom documentation plugin(s)
2019-09-10 09:48:08,443 INFO [restartedMain] s.d.s.w.s.ApiListingReferenceScanner [ApiListingReferenceScanner.java : 41] Scanning for api listing references
2019-09-10 09:48:08,605 INFO [restartedMain] s.d.s.w.r.o.CachingOperationNameGenerator [CachingOperationNameGenerator.java : 40] Generating unique operation named: commnetListUsingPOST_1
2019-09-10 09:48:08,607 INFO [restartedMain] s.d.s.w.r.o.CachingOperationNameGenerator [CachingOperationNameGenerator.java : 40] Generating unique operation named: deleteUsingPOST_1
2019-09-10 09:48:08,613 INFO [restartedMain] s.d.s.w.r.o.CachingOperationNameGenerator [CachingOperationNameGenerator.java : 40] Generating unique operation named: commnetListUsingPOST_2
2019-09-10 09:48:08,641 INFO [restartedMain] s.d.s.w.r.o.CachingOperationNameGenerator [CachingOperationNameGenerator.java : 40] Generating unique operation named: excelDownloadUsingGET_1
2019-09-10 09:48:08,645 INFO [restartedMain] s.d.s.w.r.o.CachingOperationNameGenerator [CachingOperationNameGenerator.java : 40] Generating unique operation named: excelDownloadUsingGET_2
2019-09-10 09:48:08,698 INFO [restartedMain] o.s.s.quartz.SchedulerFactoryBean [SchedulerFactoryBean.java : 726] Starting Quartz Scheduler now
2019-09-10 09:48:08,699 INFO [restartedMain] org.quartz.core.QuartzScheduler [QuartzScheduler.java : 547] Scheduler quartzScheduler_$_NON_CLUSTERED started.
2019-09-10 09:48:08,710 INFO [restartedMain] o.a.coyote.http11.Http11NioProtocol [DirectJDKLog.java : 173] Starting ProtocolHandler ["http-nio-82"]
2019-09-10 09:48:08,746 INFO [restartedMain] o.s.b.w.e.tomcat.TomcatWebServer [TomcatWebServer.java : 202] Tomcat started on port(s): 82 (http) with context path ''
2019-09-10 09:48:08,749 INFO [restartedMain] com.phonecard.Application [StartupInfoLogger.java : 59] Started Application in 5.738 seconds (JVM running for 7.237)
2019-09-10 09:48:11,635 INFO [http-nio-82-exec-1] o.a.c.c.C.[Tomcat].[localhost].[/] [DirectJDKLog.java : 173] Initializing Spring DispatcherServlet 'dispatcherServlet'
2019-09-10 09:48:11,636 INFO [http-nio-82-exec-1] o.s.web.servlet.DispatcherServlet [FrameworkServlet.java : 524] Initializing Servlet 'dispatcherServlet'
2019-09-10 09:48:11,647 INFO [http-nio-82-exec-1] o.s.web.servlet.DispatcherServlet [FrameworkServlet.java : 546] Completed initialization in 11 ms
2019-09-10 09:48:45,011 INFO [http-nio-82-exec-9] io.lettuce.core.EpollProvider [EpollProvider.java : 68] Starting without optional epoll library
2019-09-10 09:48:45,013 INFO [http-nio-82-exec-9] io.lettuce.core.KqueueProvider [KqueueProvider.java : 70] Starting without optional kqueue library
2019-09-10 09:49:26,383 INFO [Thread-19] org.quartz.core.QuartzScheduler [QuartzScheduler.java : 585] Scheduler quartzScheduler_$_NON_CLUSTERED paused.
2019-09-10 09:49:26,385 INFO [Thread-19] o.s.s.c.ThreadPoolTaskScheduler [ExecutorConfigurationSupport.java : 208] Shutting down ExecutorService 'taskScheduler'
2019-09-10 09:49:26,386 INFO [Thread-19] o.s.s.quartz.SchedulerFactoryBean [SchedulerFactoryBean.java : 844] Shutting down Quartz Scheduler
2019-09-10 09:49:26,386 INFO [Thread-19] org.quartz.core.QuartzScheduler [QuartzScheduler.java : 666] Scheduler quartzScheduler_$_NON_CLUSTERED shutting down.
2019-09-10 09:49:26,386 INFO [Thread-19] org.quartz.core.QuartzScheduler [QuartzScheduler.java : 585] Scheduler quartzScheduler_$_NON_CLUSTERED paused.
2019-09-10 09:49:26,387 INFO [Thread-19] org.quartz.core.QuartzScheduler [QuartzScheduler.java : 740] Scheduler quartzScheduler_$_NON_CLUSTERED shutdown complete.
2019-09-10 09:49:26,388 INFO [Thread-19] o.s.s.c.ThreadPoolTaskExecutor [ExecutorConfigurationSupport.java : 208] Shutting down ExecutorService 'applicationTaskExecutor'
2019-09-10 09:49:33,536 INFO [restartedMain] com.phonecard.Application [StartupInfoLogger.java : 50] Starting Application on PC-2017062 with PID 45092 (F:\phonecard\target\classes started by Administrator in F:\phonecard)
2019-09-10 09:49:33,538 INFO [restartedMain] com.phonecard.Application [SpringApplication.java : 650] The following profiles are active: mybatis,mybatis-config-javaconfig,mybatis-mapping-xml
2019-09-10 09:49:33,855 INFO [restartedMain] o.s.b.d.e.DevToolsPropertyDefaultsPostProcessor [DeferredLog.java : 225] Devtools property defaults active! Set 'spring.devtools.add-properties' to 'false' to disable
2019-09-10 09:49:33,855 INFO [restartedMain] o.s.b.d.e.DevToolsPropertyDefaultsPostProcessor [DeferredLog.java : 225] For additional web related logging consider setting the 'logging.level.web' property to 'DEBUG'
2019-09-10 09:49:34,808 INFO [restartedMain] o.s.d.r.c.RepositoryConfigurationDelegate [RepositoryConfigurationDelegate.java : 244] Multiple Spring Data modules found, entering strict repository configuration mode!
2019-09-10 09:49:34,810 INFO [restartedMain] o.s.d.r.c.RepositoryConfigurationDelegate [RepositoryConfigurationDelegate.java : 126] Bootstrapping Spring Data repositories in DEFAULT mode.
2019-09-10 09:49:34,838 INFO [restartedMain] o.s.d.r.c.RepositoryConfigurationDelegate [RepositoryConfigurationDelegate.java : 182] Finished Spring Data repository scanning in 18ms. Found 0 repository interfaces.
2019-09-10 09:49:35,177 INFO [restartedMain] o.s.c.s.PostProcessorRegistrationDelegate$BeanPostProcessorChecker [PostProcessorRegistrationDelegate.java : 330] Bean 'redisConfig' of type [com.phonecard.config.RedisConfig$$EnhancerBySpringCGLIB$$61a8312] is not eligible for getting processed by all BeanPostProcessors (for example: not eligible for auto-proxying)
2019-09-10 09:49:35,187 INFO [restartedMain] o.s.c.s.PostProcessorRegistrationDelegate$BeanPostProcessorChecker [PostProcessorRegistrationDelegate.java : 330] Bean 'org.springframework.transaction.annotation.ProxyTransactionManagementConfiguration' of type [org.springframework.transaction.annotation.ProxyTransactionManagementConfiguration$$EnhancerBySpringCGLIB$$4d43305f] is not eligible for getting processed by all BeanPostProcessors (for example: not eligible for auto-proxying)
2019-09-10 09:49:35,656 INFO [restartedMain] o.s.b.w.e.tomcat.TomcatWebServer [TomcatWebServer.java : 90] Tomcat initialized with port(s): 82 (http)
2019-09-10 09:49:35,671 INFO [restartedMain] o.a.coyote.http11.Http11NioProtocol [DirectJDKLog.java : 173] Initializing ProtocolHandler ["http-nio-82"]
2019-09-10 09:49:35,682 INFO [restartedMain] o.a.catalina.core.StandardService [DirectJDKLog.java : 173] Starting service [Tomcat]
2019-09-10 09:49:35,683 INFO [restartedMain] o.a.catalina.core.StandardEngine [DirectJDKLog.java : 173] Starting Servlet engine: [Apache Tomcat/9.0.21]
2019-09-10 09:49:35,794 INFO [restartedMain] o.a.c.c.C.[Tomcat].[localhost].[/] [DirectJDKLog.java : 173] Initializing Spring embedded WebApplicationContext
2019-09-10 09:49:35,795 INFO [restartedMain] o.s.web.context.ContextLoader [ServletWebServerApplicationContext.java : 283] Root WebApplicationContext: initialization completed in 1939 ms
2019-09-10 09:49:36,964 INFO [restartedMain] s.d.s.w.PropertySourcedRequestMappingHandlerMapping [PropertySourcedRequestMappingHandlerMapping.java : 69] Mapped URL path [/v2/api-docs] onto method [public org.springframework.http.ResponseEntity<springfox.documentation.spring.web.json.Json> springfox.documentation.swagger2.web.Swagger2Controller.getDocumentation(java.lang.String,javax.servlet.http.HttpServletRequest)]
2019-09-10 09:49:37,145 INFO [restartedMain] o.s.s.c.ThreadPoolTaskExecutor [ExecutorConfigurationSupport.java : 171] Initializing ExecutorService 'applicationTaskExecutor'
2019-09-10 09:49:37,195 INFO [restartedMain] o.s.b.d.a.OptionalLiveReloadServer [OptionalLiveReloadServer.java : 57] LiveReload server is running on port 35729
2019-09-10 09:49:38,404 INFO [restartedMain] org.quartz.impl.StdSchedulerFactory [StdSchedulerFactory.java : 1208] Using default implementation for ThreadExecutor
2019-09-10 09:49:38,417 INFO [restartedMain] o.quartz.core.SchedulerSignalerImpl [SchedulerSignalerImpl.java : 61] Initialized Scheduler Signaller of type: class org.quartz.core.SchedulerSignalerImpl
2019-09-10 09:49:38,417 INFO [restartedMain] org.quartz.core.QuartzScheduler [QuartzScheduler.java : 229] Quartz Scheduler v.2.3.0 created.
2019-09-10 09:49:38,418 INFO [restartedMain] org.quartz.simpl.RAMJobStore [RAMJobStore.java : 155] RAMJobStore initialized.
2019-09-10 09:49:38,420 INFO [restartedMain] org.quartz.core.QuartzScheduler [QuartzScheduler.java : 294] Scheduler meta-data: Quartz Scheduler (v2.3.0) 'quartzScheduler' with instanceId 'NON_CLUSTERED'
  Scheduler class: 'org.quartz.core.QuartzScheduler' - running locally.
  NOT STARTED.
  Currently in standby mode.
  Number of jobs executed: 0
  Using thread pool 'org.quartz.simpl.SimpleThreadPool' - with 10 threads.
  Using job-store 'org.quartz.simpl.RAMJobStore' - which does not support persistence. and is not clustered.

2019-09-10 09:49:38,420 INFO [restartedMain] org.quartz.impl.StdSchedulerFactory [StdSchedulerFactory.java : 1362] Quartz scheduler 'quartzScheduler' initialized from an externally provided properties instance.
2019-09-10 09:49:38,420 INFO [restartedMain] org.quartz.impl.StdSchedulerFactory [StdSchedulerFactory.java : 1366] Quartz scheduler version: 2.3.0
2019-09-10 09:49:38,420 INFO [restartedMain] org.quartz.core.QuartzScheduler [QuartzScheduler.java : 2287] JobFactory set to: org.springframework.scheduling.quartz.SpringBeanJobFactory@5a0ff607
2019-09-10 09:49:38,437 INFO [restartedMain] o.s.s.c.ThreadPoolTaskScheduler [ExecutorConfigurationSupport.java : 171] Initializing ExecutorService 'taskScheduler'
2019-09-10 09:49:38,523 INFO [restartedMain] s.d.s.w.p.DocumentationPluginsBootstrapper [DocumentationPluginsBootstrapper.java : 147] Context refreshed
2019-09-10 09:49:38,539 INFO [restartedMain] s.d.s.w.p.DocumentationPluginsBootstrapper [DocumentationPluginsBootstrapper.java : 150] Found 1 custom documentation plugin(s)
2019-09-10 09:49:38,575 INFO [restartedMain] s.d.s.w.s.ApiListingReferenceScanner [ApiListingReferenceScanner.java : 41] Scanning for api listing references
2019-09-10 09:49:38,739 INFO [restartedMain] s.d.s.w.r.o.CachingOperationNameGenerator [CachingOperationNameGenerator.java : 40] Generating unique operation named: commnetListUsingPOST_1
2019-09-10 09:49:38,742 INFO [restartedMain] s.d.s.w.r.o.CachingOperationNameGenerator [CachingOperationNameGenerator.java : 40] Generating unique operation named: deleteUsingPOST_1
2019-09-10 09:49:38,748 INFO [restartedMain] s.d.s.w.r.o.CachingOperationNameGenerator [CachingOperationNameGenerator.java : 40] Generating unique operation named: commnetListUsingPOST_2
2019-09-10 09:49:38,775 INFO [restartedMain] s.d.s.w.r.o.CachingOperationNameGenerator [CachingOperationNameGenerator.java : 40] Generating unique operation named: excelDownloadUsingGET_1
2019-09-10 09:49:38,779 INFO [restartedMain] s.d.s.w.r.o.CachingOperationNameGenerator [CachingOperationNameGenerator.java : 40] Generating unique operation named: excelDownloadUsingGET_2
2019-09-10 09:49:38,826 INFO [restartedMain] o.s.s.quartz.SchedulerFactoryBean [SchedulerFactoryBean.java : 726] Starting Quartz Scheduler now
2019-09-10 09:49:38,826 INFO [restartedMain] org.quartz.core.QuartzScheduler [QuartzScheduler.java : 547] Scheduler quartzScheduler_$_NON_CLUSTERED started.
2019-09-10 09:49:38,838 INFO [restartedMain] o.a.coyote.http11.Http11NioProtocol [DirectJDKLog.java : 173] Starting ProtocolHandler ["http-nio-82"]
2019-09-10 09:49:38,897 INFO [restartedMain] o.s.b.w.e.tomcat.TomcatWebServer [TomcatWebServer.java : 202] Tomcat started on port(s): 82 (http) with context path ''
2019-09-10 09:49:38,900 INFO [restartedMain] com.phonecard.Application [StartupInfoLogger.java : 59] Started Application in 5.996 seconds (JVM running for 7.439)
2019-09-10 09:49:52,777 INFO [http-nio-82-exec-1] o.a.c.c.C.[Tomcat].[localhost].[/] [DirectJDKLog.java : 173] Initializing Spring DispatcherServlet 'dispatcherServlet'
2019-09-10 09:49:52,777 INFO [http-nio-82-exec-1] o.s.web.servlet.DispatcherServlet [FrameworkServlet.java : 524] Initializing Servlet 'dispatcherServlet'
2019-09-10 09:49:52,788 INFO [http-nio-82-exec-1] o.s.web.servlet.DispatcherServlet [FrameworkServlet.java : 546] Completed initialization in 11 ms
2019-09-10 09:49:52,895 INFO [http-nio-82-exec-1] io.lettuce.core.EpollProvider [EpollProvider.java : 68] Starting without optional epoll library
2019-09-10 09:49:52,896 INFO [http-nio-82-exec-1] io.lettuce.core.KqueueProvider [KqueueProvider.java : 70] Starting without optional kqueue library
2019-09-10 09:51:44,366 INFO [Thread-19] org.quartz.core.QuartzScheduler [QuartzScheduler.java : 585] Scheduler quartzScheduler_$_NON_CLUSTERED paused.
2019-09-10 09:51:44,368 INFO [Thread-19] o.s.s.c.ThreadPoolTaskScheduler [ExecutorConfigurationSupport.java : 208] Shutting down ExecutorService 'taskScheduler'
2019-09-10 09:51:44,368 INFO [Thread-19] o.s.s.quartz.SchedulerFactoryBean [SchedulerFactoryBean.java : 844] Shutting down Quartz Scheduler
2019-09-10 09:51:44,368 INFO [Thread-19] org.quartz.core.QuartzScheduler [QuartzScheduler.java : 666] Scheduler quartzScheduler_$_NON_CLUSTERED shutting down.
2019-09-10 09:51:44,368 INFO [Thread-19] org.quartz.core.QuartzScheduler [QuartzScheduler.java : 585] Scheduler quartzScheduler_$_NON_CLUSTERED paused.
2019-09-10 09:51:44,369 INFO [Thread-19] org.quartz.core.QuartzScheduler [QuartzScheduler.java : 740] Scheduler quartzScheduler_$_NON_CLUSTERED shutdown complete.
2019-09-10 09:51:44,370 INFO [Thread-19] o.s.s.c.ThreadPoolTaskExecutor [ExecutorConfigurationSupport.java : 208] Shutting down ExecutorService 'applicationTaskExecutor'
2019-09-10 09:51:50,338 INFO [restartedMain] com.phonecard.Application [StartupInfoLogger.java : 50] Starting Application on PC-2017062 with PID 45436 (F:\phonecard\target\classes started by Administrator in F:\phonecard)
2019-09-10 09:51:50,341 INFO [restartedMain] com.phonecard.Application [SpringApplication.java : 650] The following profiles are active: mybatis,mybatis-config-javaconfig,mybatis-mapping-xml
2019-09-10 09:51:50,687 INFO [restartedMain] o.s.b.d.e.DevToolsPropertyDefaultsPostProcessor [DeferredLog.java : 225] Devtools property defaults active! Set 'spring.devtools.add-properties' to 'false' to disable
2019-09-10 09:51:50,687 INFO [restartedMain] o.s.b.d.e.DevToolsPropertyDefaultsPostProcessor [DeferredLog.java : 225] For additional web related logging consider setting the 'logging.level.web' property to 'DEBUG'
2019-09-10 09:51:51,634 INFO [restartedMain] o.s.d.r.c.RepositoryConfigurationDelegate [RepositoryConfigurationDelegate.java : 244] Multiple Spring Data modules found, entering strict repository configuration mode!
2019-09-10 09:51:51,636 INFO [restartedMain] o.s.d.r.c.RepositoryConfigurationDelegate [RepositoryConfigurationDelegate.java : 126] Bootstrapping Spring Data repositories in DEFAULT mode.
2019-09-10 09:51:51,664 INFO [restartedMain] o.s.d.r.c.RepositoryConfigurationDelegate [RepositoryConfigurationDelegate.java : 182] Finished Spring Data repository scanning in 17ms. Found 0 repository interfaces.
2019-09-10 09:51:52,003 INFO [restartedMain] o.s.c.s.PostProcessorRegistrationDelegate$BeanPostProcessorChecker [PostProcessorRegistrationDelegate.java : 330] Bean 'redisConfig' of type [com.phonecard.config.RedisConfig$$EnhancerBySpringCGLIB$$1b7c2f91] is not eligible for getting processed by all BeanPostProcessors (for example: not eligible for auto-proxying)
2019-09-10 09:51:52,012 INFO [restartedMain] o.s.c.s.PostProcessorRegistrationDelegate$BeanPostProcessorChecker [PostProcessorRegistrationDelegate.java : 330] Bean 'org.springframework.transaction.annotation.ProxyTransactionManagementConfiguration' of type [org.springframework.transaction.annotation.ProxyTransactionManagementConfiguration$$EnhancerBySpringCGLIB$$62a4dcde] is not eligible for getting processed by all BeanPostProcessors (for example: not eligible for auto-proxying)
2019-09-10 09:51:52,477 INFO [restartedMain] o.s.b.w.e.tomcat.TomcatWebServer [TomcatWebServer.java : 90] Tomcat initialized with port(s): 82 (http)
2019-09-10 09:51:52,493 INFO [restartedMain] o.a.coyote.http11.Http11NioProtocol [DirectJDKLog.java : 173] Initializing ProtocolHandler ["http-nio-82"]
2019-09-10 09:51:52,504 INFO [restartedMain] o.a.catalina.core.StandardService [DirectJDKLog.java : 173] Starting service [Tomcat]
2019-09-10 09:51:52,505 INFO [restartedMain] o.a.catalina.core.StandardEngine [DirectJDKLog.java : 173] Starting Servlet engine: [Apache Tomcat/9.0.21]
2019-09-10 09:51:52,612 INFO [restartedMain] o.a.c.c.C.[Tomcat].[localhost].[/] [DirectJDKLog.java : 173] Initializing Spring embedded WebApplicationContext
2019-09-10 09:51:52,613 INFO [restartedMain] o.s.web.context.ContextLoader [ServletWebServerApplicationContext.java : 283] Root WebApplicationContext: initialization completed in 1925 ms
2019-09-10 09:51:53,776 INFO [restartedMain] s.d.s.w.PropertySourcedRequestMappingHandlerMapping [PropertySourcedRequestMappingHandlerMapping.java : 69] Mapped URL path [/v2/api-docs] onto method [public org.springframework.http.ResponseEntity<springfox.documentation.spring.web.json.Json> springfox.documentation.swagger2.web.Swagger2Controller.getDocumentation(java.lang.String,javax.servlet.http.HttpServletRequest)]
2019-09-10 09:51:53,952 INFO [restartedMain] o.s.s.c.ThreadPoolTaskExecutor [ExecutorConfigurationSupport.java : 171] Initializing ExecutorService 'applicationTaskExecutor'
2019-09-10 09:51:53,998 INFO [restartedMain] o.s.b.d.a.OptionalLiveReloadServer [OptionalLiveReloadServer.java : 57] LiveReload server is running on port 35729
2019-09-10 09:51:55,285 INFO [restartedMain] org.quartz.impl.StdSchedulerFactory [StdSchedulerFactory.java : 1208] Using default implementation for ThreadExecutor
2019-09-10 09:51:55,298 INFO [restartedMain] o.quartz.core.SchedulerSignalerImpl [SchedulerSignalerImpl.java : 61] Initialized Scheduler Signaller of type: class org.quartz.core.SchedulerSignalerImpl
2019-09-10 09:51:55,298 INFO [restartedMain] org.quartz.core.QuartzScheduler [QuartzScheduler.java : 229] Quartz Scheduler v.2.3.0 created.
2019-09-10 09:51:55,299 INFO [restartedMain] org.quartz.simpl.RAMJobStore [RAMJobStore.java : 155] RAMJobStore initialized.
2019-09-10 09:51:55,300 INFO [restartedMain] org.quartz.core.QuartzScheduler [QuartzScheduler.java : 294] Scheduler meta-data: Quartz Scheduler (v2.3.0) 'quartzScheduler' with instanceId 'NON_CLUSTERED'
  Scheduler class: 'org.quartz.core.QuartzScheduler' - running locally.
  NOT STARTED.
  Currently in standby mode.
  Number of jobs executed: 0
  Using thread pool 'org.quartz.simpl.SimpleThreadPool' - with 10 threads.
  Using job-store 'org.quartz.simpl.RAMJobStore' - which does not support persistence. and is not clustered.

2019-09-10 09:51:55,300 INFO [restartedMain] org.quartz.impl.StdSchedulerFactory [StdSchedulerFactory.java : 1362] Quartz scheduler 'quartzScheduler' initialized from an externally provided properties instance.
2019-09-10 09:51:55,300 INFO [restartedMain] org.quartz.impl.StdSchedulerFactory [StdSchedulerFactory.java : 1366] Quartz scheduler version: 2.3.0
2019-09-10 09:51:55,301 INFO [restartedMain] org.quartz.core.QuartzScheduler [QuartzScheduler.java : 2287] JobFactory set to: org.springframework.scheduling.quartz.SpringBeanJobFactory@28a9f757
2019-09-10 09:51:55,316 INFO [restartedMain] o.s.s.c.ThreadPoolTaskScheduler [ExecutorConfigurationSupport.java : 171] Initializing ExecutorService 'taskScheduler'
2019-09-10 09:51:55,403 INFO [restartedMain] s.d.s.w.p.DocumentationPluginsBootstrapper [DocumentationPluginsBootstrapper.java : 147] Context refreshed
2019-09-10 09:51:55,420 INFO [restartedMain] s.d.s.w.p.DocumentationPluginsBootstrapper [DocumentationPluginsBootstrapper.java : 150] Found 1 custom documentation plugin(s)
2019-09-10 09:51:55,454 INFO [restartedMain] s.d.s.w.s.ApiListingReferenceScanner [ApiListingReferenceScanner.java : 41] Scanning for api listing references
2019-09-10 09:51:55,608 INFO [restartedMain] s.d.s.w.r.o.CachingOperationNameGenerator [CachingOperationNameGenerator.java : 40] Generating unique operation named: commnetListUsingPOST_1
2019-09-10 09:51:55,610 INFO [restartedMain] s.d.s.w.r.o.CachingOperationNameGenerator [CachingOperationNameGenerator.java : 40] Generating unique operation named: deleteUsingPOST_1
2019-09-10 09:51:55,615 INFO [restartedMain] s.d.s.w.r.o.CachingOperationNameGenerator [CachingOperationNameGenerator.java : 40] Generating unique operation named: commnetListUsingPOST_2
2019-09-10 09:51:55,642 INFO [restartedMain] s.d.s.w.r.o.CachingOperationNameGenerator [CachingOperationNameGenerator.java : 40] Generating unique operation named: excelDownloadUsingGET_1
2019-09-10 09:51:55,646 INFO [restartedMain] s.d.s.w.r.o.CachingOperationNameGenerator [CachingOperationNameGenerator.java : 40] Generating unique operation named: excelDownloadUsingGET_2
2019-09-10 09:51:55,688 INFO [restartedMain] o.s.s.quartz.SchedulerFactoryBean [SchedulerFactoryBean.java : 726] Starting Quartz Scheduler now
2019-09-10 09:51:55,688 INFO [restartedMain] org.quartz.core.QuartzScheduler [QuartzScheduler.java : 547] Scheduler quartzScheduler_$_NON_CLUSTERED started.
2019-09-10 09:51:55,699 INFO [restartedMain] o.a.coyote.http11.Http11NioProtocol [DirectJDKLog.java : 173] Starting ProtocolHandler ["http-nio-82"]
2019-09-10 09:51:55,740 INFO [restartedMain] o.s.b.w.e.tomcat.TomcatWebServer [TomcatWebServer.java : 202] Tomcat started on port(s): 82 (http) with context path ''
2019-09-10 09:51:55,744 INFO [restartedMain] com.phonecard.Application [StartupInfoLogger.java : 59] Started Application in 5.984 seconds (JVM running for 7.684)
2019-09-10 09:51:57,856 INFO [http-nio-82-exec-1] o.a.c.c.C.[Tomcat].[localhost].[/] [DirectJDKLog.java : 173] Initializing Spring DispatcherServlet 'dispatcherServlet'
2019-09-10 09:51:57,856 INFO [http-nio-82-exec-1] o.s.web.servlet.DispatcherServlet [FrameworkServlet.java : 524] Initializing Servlet 'dispatcherServlet'
2019-09-10 09:51:57,865 INFO [http-nio-82-exec-1] o.s.web.servlet.DispatcherServlet [FrameworkServlet.java : 546] Completed initialization in 8 ms
2019-09-10 09:51:57,973 INFO [http-nio-82-exec-1] io.lettuce.core.EpollProvider [EpollProvider.java : 68] Starting without optional epoll library
2019-09-10 09:51:57,975 INFO [http-nio-82-exec-1] io.lettuce.core.KqueueProvider [KqueueProvider.java : 70] Starting without optional kqueue library
2019-09-10 09:53:18,957 INFO [Thread-19] org.quartz.core.QuartzScheduler [QuartzScheduler.java : 585] Scheduler quartzScheduler_$_NON_CLUSTERED paused.
2019-09-10 09:53:18,958 INFO [Thread-19] o.s.s.c.ThreadPoolTaskScheduler [ExecutorConfigurationSupport.java : 208] Shutting down ExecutorService 'taskScheduler'
2019-09-10 09:53:18,958 INFO [Thread-19] o.s.s.quartz.SchedulerFactoryBean [SchedulerFactoryBean.java : 844] Shutting down Quartz Scheduler
2019-09-10 09:53:18,959 INFO [Thread-19] org.quartz.core.QuartzScheduler [QuartzScheduler.java : 666] Scheduler quartzScheduler_$_NON_CLUSTERED shutting down.
2019-09-10 09:53:18,959 INFO [Thread-19] org.quartz.core.QuartzScheduler [QuartzScheduler.java : 585] Scheduler quartzScheduler_$_NON_CLUSTERED paused.
2019-09-10 09:53:18,960 INFO [Thread-19] org.quartz.core.QuartzScheduler [QuartzScheduler.java : 740] Scheduler quartzScheduler_$_NON_CLUSTERED shutdown complete.
2019-09-10 09:53:18,961 INFO [Thread-19] o.s.s.c.ThreadPoolTaskExecutor [ExecutorConfigurationSupport.java : 208] Shutting down ExecutorService 'applicationTaskExecutor'
2019-09-10 09:53:24,765 INFO [restartedMain] com.phonecard.Application [StartupInfoLogger.java : 50] Starting Application on PC-2017062 with PID 42972 (F:\phonecard\target\classes started by Administrator in F:\phonecard)
2019-09-10 09:53:24,821 INFO [restartedMain] com.phonecard.Application [SpringApplication.java : 650] The following profiles are active: mybatis,mybatis-config-javaconfig,mybatis-mapping-xml
2019-09-10 09:53:25,031 INFO [restartedMain] o.s.b.d.e.DevToolsPropertyDefaultsPostProcessor [DeferredLog.java : 225] Devtools property defaults active! Set 'spring.devtools.add-properties' to 'false' to disable
2019-09-10 09:53:25,032 INFO [restartedMain] o.s.b.d.e.DevToolsPropertyDefaultsPostProcessor [DeferredLog.java : 225] For additional web related logging consider setting the 'logging.level.web' property to 'DEBUG'
2019-09-10 09:53:26,050 INFO [restartedMain] o.s.d.r.c.RepositoryConfigurationDelegate [RepositoryConfigurationDelegate.java : 244] Multiple Spring Data modules found, entering strict repository configuration mode!
2019-09-10 09:53:26,052 INFO [restartedMain] o.s.d.r.c.RepositoryConfigurationDelegate [RepositoryConfigurationDelegate.java : 126] Bootstrapping Spring Data repositories in DEFAULT mode.
2019-09-10 09:53:26,082 INFO [restartedMain] o.s.d.r.c.RepositoryConfigurationDelegate [RepositoryConfigurationDelegate.java : 182] Finished Spring Data repository scanning in 18ms. Found 0 repository interfaces.
2019-09-10 09:53:26,429 INFO [restartedMain] o.s.c.s.PostProcessorRegistrationDelegate$BeanPostProcessorChecker [PostProcessorRegistrationDelegate.java : 330] Bean 'redisConfig' of type [com.phonecard.config.RedisConfig$$EnhancerBySpringCGLIB$$918da34b] is not eligible for getting processed by all BeanPostProcessors (for example: not eligible for auto-proxying)
2019-09-10 09:53:26,439 INFO [restartedMain] o.s.c.s.PostProcessorRegistrationDelegate$BeanPostProcessorChecker [PostProcessorRegistrationDelegate.java : 330] Bean 'org.springframework.transaction.annotation.ProxyTransactionManagementConfiguration' of type [org.springframework.transaction.annotation.ProxyTransactionManagementConfiguration$$EnhancerBySpringCGLIB$$d8b65098] is not eligible for getting processed by all BeanPostProcessors (for example: not eligible for auto-proxying)
2019-09-10 09:53:26,911 INFO [restartedMain] o.s.b.w.e.tomcat.TomcatWebServer [TomcatWebServer.java : 90] Tomcat initialized with port(s): 82 (http)
2019-09-10 09:53:26,926 INFO [restartedMain] o.a.coyote.http11.Http11NioProtocol [DirectJDKLog.java : 173] Initializing ProtocolHandler ["http-nio-82"]
2019-09-10 09:53:26,937 INFO [restartedMain] o.a.catalina.core.StandardService [DirectJDKLog.java : 173] Starting service [Tomcat]
2019-09-10 09:53:26,938 INFO [restartedMain] o.a.catalina.core.StandardEngine [DirectJDKLog.java : 173] Starting Servlet engine: [Apache Tomcat/9.0.21]
2019-09-10 09:53:27,057 INFO [restartedMain] o.a.c.c.C.[Tomcat].[localhost].[/] [DirectJDKLog.java : 173] Initializing Spring embedded WebApplicationContext
2019-09-10 09:53:27,058 INFO [restartedMain] o.s.web.context.ContextLoader [ServletWebServerApplicationContext.java : 283] Root WebApplicationContext: initialization completed in 2025 ms
2019-09-10 09:53:28,263 INFO [restartedMain] s.d.s.w.PropertySourcedRequestMappingHandlerMapping [PropertySourcedRequestMappingHandlerMapping.java : 69] Mapped URL path [/v2/api-docs] onto method [public org.springframework.http.ResponseEntity<springfox.documentation.spring.web.json.Json> springfox.documentation.swagger2.web.Swagger2Controller.getDocumentation(java.lang.String,javax.servlet.http.HttpServletRequest)]
2019-09-10 09:53:28,440 INFO [restartedMain] o.s.s.c.ThreadPoolTaskExecutor [ExecutorConfigurationSupport.java : 171] Initializing ExecutorService 'applicationTaskExecutor'
2019-09-10 09:53:28,485 INFO [restartedMain] o.s.b.d.a.OptionalLiveReloadServer [OptionalLiveReloadServer.java : 57] LiveReload server is running on port 35729
2019-09-10 09:53:29,717 INFO [restartedMain] org.quartz.impl.StdSchedulerFactory [StdSchedulerFactory.java : 1208] Using default implementation for ThreadExecutor
2019-09-10 09:53:29,729 INFO [restartedMain] o.quartz.core.SchedulerSignalerImpl [SchedulerSignalerImpl.java : 61] Initialized Scheduler Signaller of type: class org.quartz.core.SchedulerSignalerImpl
2019-09-10 09:53:29,729 INFO [restartedMain] org.quartz.core.QuartzScheduler [QuartzScheduler.java : 229] Quartz Scheduler v.2.3.0 created.
2019-09-10 09:53:29,730 INFO [restartedMain] org.quartz.simpl.RAMJobStore [RAMJobStore.java : 155] RAMJobStore initialized.
2019-09-10 09:53:29,731 INFO [restartedMain] org.quartz.core.QuartzScheduler [QuartzScheduler.java : 294] Scheduler meta-data: Quartz Scheduler (v2.3.0) 'quartzScheduler' with instanceId 'NON_CLUSTERED'
  Scheduler class: 'org.quartz.core.QuartzScheduler' - running locally.
  NOT STARTED.
  Currently in standby mode.
  Number of jobs executed: 0
  Using thread pool 'org.quartz.simpl.SimpleThreadPool' - with 10 threads.
  Using job-store 'org.quartz.simpl.RAMJobStore' - which does not support persistence. and is not clustered.

2019-09-10 09:53:29,731 INFO [restartedMain] org.quartz.impl.StdSchedulerFactory [StdSchedulerFactory.java : 1362] Quartz scheduler 'quartzScheduler' initialized from an externally provided properties instance.
2019-09-10 09:53:29,732 INFO [restartedMain] org.quartz.impl.StdSchedulerFactory [StdSchedulerFactory.java : 1366] Quartz scheduler version: 2.3.0
2019-09-10 09:53:29,732 INFO [restartedMain] org.quartz.core.QuartzScheduler [QuartzScheduler.java : 2287] JobFactory set to: org.springframework.scheduling.quartz.SpringBeanJobFactory@4bc6eeae
2019-09-10 09:53:29,748 INFO [restartedMain] o.s.s.c.ThreadPoolTaskScheduler [ExecutorConfigurationSupport.java : 171] Initializing ExecutorService 'taskScheduler'
2019-09-10 09:53:29,833 INFO [restartedMain] s.d.s.w.p.DocumentationPluginsBootstrapper [DocumentationPluginsBootstrapper.java : 147] Context refreshed
2019-09-10 09:53:29,848 INFO [restartedMain] s.d.s.w.p.DocumentationPluginsBootstrapper [DocumentationPluginsBootstrapper.java : 150] Found 1 custom documentation plugin(s)
2019-09-10 09:53:29,885 INFO [restartedMain] s.d.s.w.s.ApiListingReferenceScanner [ApiListingReferenceScanner.java : 41] Scanning for api listing references
2019-09-10 09:53:30,073 INFO [restartedMain] s.d.s.w.r.o.CachingOperationNameGenerator [CachingOperationNameGenerator.java : 40] Generating unique operation named: commnetListUsingPOST_1
2019-09-10 09:53:30,075 INFO [restartedMain] s.d.s.w.r.o.CachingOperationNameGenerator [CachingOperationNameGenerator.java : 40] Generating unique operation named: deleteUsingPOST_1
2019-09-10 09:53:30,085 INFO [restartedMain] s.d.s.w.r.o.CachingOperationNameGenerator [CachingOperationNameGenerator.java : 40] Generating unique operation named: commnetListUsingPOST_2
2019-09-10 09:53:30,112 INFO [restartedMain] s.d.s.w.r.o.CachingOperationNameGenerator [CachingOperationNameGenerator.java : 40] Generating unique operation named: excelDownloadUsingGET_1
2019-09-10 09:53:30,115 INFO [restartedMain] s.d.s.w.r.o.CachingOperationNameGenerator [CachingOperationNameGenerator.java : 40] Generating unique operation named: excelDownloadUsingGET_2
2019-09-10 09:53:30,155 INFO [restartedMain] o.s.s.quartz.SchedulerFactoryBean [SchedulerFactoryBean.java : 726] Starting Quartz Scheduler now
2019-09-10 09:53:30,155 INFO [restartedMain] org.quartz.core.QuartzScheduler [QuartzScheduler.java : 547] Scheduler quartzScheduler_$_NON_CLUSTERED started.
2019-09-10 09:53:30,166 INFO [restartedMain] o.a.coyote.http11.Http11NioProtocol [DirectJDKLog.java : 173] Starting ProtocolHandler ["http-nio-82"]
2019-09-10 09:53:30,201 INFO [restartedMain] o.s.b.w.e.tomcat.TomcatWebServer [TomcatWebServer.java : 202] Tomcat started on port(s): 82 (http) with context path ''
2019-09-10 09:53:30,204 INFO [restartedMain] com.phonecard.Application [StartupInfoLogger.java : 59] Started Application in 6.191 seconds (JVM running for 7.834)
2019-09-10 09:53:30,524 INFO [http-nio-82-exec-1] o.a.c.c.C.[Tomcat].[localhost].[/] [DirectJDKLog.java : 173] Initializing Spring DispatcherServlet 'dispatcherServlet'
2019-09-10 09:53:30,524 INFO [http-nio-82-exec-1] o.s.web.servlet.DispatcherServlet [FrameworkServlet.java : 524] Initializing Servlet 'dispatcherServlet'
2019-09-10 09:53:30,535 INFO [http-nio-82-exec-1] o.s.web.servlet.DispatcherServlet [FrameworkServlet.java : 546] Completed initialization in 10 ms
2019-09-10 09:53:30,644 INFO [http-nio-82-exec-1] io.lettuce.core.EpollProvider [EpollProvider.java : 68] Starting without optional epoll library
2019-09-10 09:53:30,646 INFO [http-nio-82-exec-1] io.lettuce.core.KqueueProvider [KqueueProvider.java : 70] Starting without optional kqueue library
2019-09-10 10:03:23,508 INFO [Thread-17] org.quartz.core.QuartzScheduler [QuartzScheduler.java : 585] Scheduler quartzScheduler_$_NON_CLUSTERED paused.
2019-09-10 10:03:23,510 INFO [Thread-17] o.s.s.c.ThreadPoolTaskScheduler [ExecutorConfigurationSupport.java : 208] Shutting down ExecutorService 'taskScheduler'
2019-09-10 10:03:23,511 INFO [Thread-17] o.s.s.quartz.SchedulerFactoryBean [SchedulerFactoryBean.java : 844] Shutting down Quartz Scheduler
2019-09-10 10:03:23,511 INFO [Thread-17] org.quartz.core.QuartzScheduler [QuartzScheduler.java : 666] Scheduler quartzScheduler_$_NON_CLUSTERED shutting down.
2019-09-10 10:03:23,511 INFO [Thread-17] org.quartz.core.QuartzScheduler [QuartzScheduler.java : 585] Scheduler quartzScheduler_$_NON_CLUSTERED paused.
2019-09-10 10:03:23,511 INFO [Thread-17] org.quartz.core.QuartzScheduler [QuartzScheduler.java : 740] Scheduler quartzScheduler_$_NON_CLUSTERED shutdown complete.
2019-09-10 10:03:23,513 INFO [Thread-17] o.s.s.c.ThreadPoolTaskExecutor [ExecutorConfigurationSupport.java : 208] Shutting down ExecutorService 'applicationTaskExecutor'
2019-09-10 10:03:30,635 INFO [restartedMain] com.phonecard.Application [StartupInfoLogger.java : 50] Starting Application on PC-2017062 with PID 15804 (F:\phonecard\target\classes started by Administrator in F:\phonecard)
2019-09-10 10:03:30,637 INFO [restartedMain] com.phonecard.Application [SpringApplication.java : 650] The following profiles are active: mybatis,mybatis-config-javaconfig,mybatis-mapping-xml
2019-09-10 10:03:30,803 INFO [restartedMain] o.s.b.d.e.DevToolsPropertyDefaultsPostProcessor [DeferredLog.java : 225] Devtools property defaults active! Set 'spring.devtools.add-properties' to 'false' to disable
2019-09-10 10:03:30,803 INFO [restartedMain] o.s.b.d.e.DevToolsPropertyDefaultsPostProcessor [DeferredLog.java : 225] For additional web related logging consider setting the 'logging.level.web' property to 'DEBUG'
2019-09-10 10:03:31,717 INFO [restartedMain] o.s.d.r.c.RepositoryConfigurationDelegate [RepositoryConfigurationDelegate.java : 244] Multiple Spring Data modules found, entering strict repository configuration mode!
2019-09-10 10:03:31,719 INFO [restartedMain] o.s.d.r.c.RepositoryConfigurationDelegate [RepositoryConfigurationDelegate.java : 126] Bootstrapping Spring Data repositories in DEFAULT mode.
2019-09-10 10:03:31,745 INFO [restartedMain] o.s.d.r.c.RepositoryConfigurationDelegate [RepositoryConfigurationDelegate.java : 182] Finished Spring Data repository scanning in 16ms. Found 0 repository interfaces.
2019-09-10 10:03:32,062 INFO [restartedMain] o.s.c.s.PostProcessorRegistrationDelegate$BeanPostProcessorChecker [PostProcessorRegistrationDelegate.java : 330] Bean 'redisConfig' of type [com.phonecard.config.RedisConfig$$EnhancerBySpringCGLIB$$36d5643c] is not eligible for getting processed by all BeanPostProcessors (for example: not eligible for auto-proxying)
2019-09-10 10:03:32,071 INFO [restartedMain] o.s.c.s.PostProcessorRegistrationDelegate$BeanPostProcessorChecker [PostProcessorRegistrationDelegate.java : 330] Bean 'org.springframework.transaction.annotation.ProxyTransactionManagementConfiguration' of type [org.springframework.transaction.annotation.ProxyTransactionManagementConfiguration$$EnhancerBySpringCGLIB$$7dfe1189] is not eligible for getting processed by all BeanPostProcessors (for example: not eligible for auto-proxying)
2019-09-10 10:03:32,526 INFO [restartedMain] o.s.b.w.e.tomcat.TomcatWebServer [TomcatWebServer.java : 90] Tomcat initialized with port(s): 82 (http)
2019-09-10 10:03:32,541 INFO [restartedMain] o.a.coyote.http11.Http11NioProtocol [DirectJDKLog.java : 173] Initializing ProtocolHandler ["http-nio-82"]
2019-09-10 10:03:32,552 INFO [restartedMain] o.a.catalina.core.StandardService [DirectJDKLog.java : 173] Starting service [Tomcat]
2019-09-10 10:03:32,552 INFO [restartedMain] o.a.catalina.core.StandardEngine [DirectJDKLog.java : 173] Starting Servlet engine: [Apache Tomcat/9.0.21]
2019-09-10 10:03:32,662 INFO [restartedMain] o.a.c.c.C.[Tomcat].[localhost].[/] [DirectJDKLog.java : 173] Initializing Spring embedded WebApplicationContext
2019-09-10 10:03:32,662 INFO [restartedMain] o.s.web.context.ContextLoader [ServletWebServerApplicationContext.java : 283] Root WebApplicationContext: initialization completed in 1859 ms
2019-09-10 10:03:33,819 INFO [restartedMain] s.d.s.w.PropertySourcedRequestMappingHandlerMapping [PropertySourcedRequestMappingHandlerMapping.java : 69] Mapped URL path [/v2/api-docs] onto method [public org.springframework.http.ResponseEntity<springfox.documentation.spring.web.json.Json> springfox.documentation.swagger2.web.Swagger2Controller.getDocumentation(java.lang.String,javax.servlet.http.HttpServletRequest)]
2019-09-10 10:03:34,005 INFO [restartedMain] o.s.s.c.ThreadPoolTaskExecutor [ExecutorConfigurationSupport.java : 171] Initializing ExecutorService 'applicationTaskExecutor'
2019-09-10 10:03:34,049 INFO [restartedMain] o.s.b.d.a.OptionalLiveReloadServer [OptionalLiveReloadServer.java : 57] LiveReload server is running on port 35729
2019-09-10 10:03:35,311 INFO [restartedMain] org.quartz.impl.StdSchedulerFactory [StdSchedulerFactory.java : 1208] Using default implementation for ThreadExecutor
2019-09-10 10:03:35,327 INFO [restartedMain] o.quartz.core.SchedulerSignalerImpl [SchedulerSignalerImpl.java : 61] Initialized Scheduler Signaller of type: class org.quartz.core.SchedulerSignalerImpl
2019-09-10 10:03:35,328 INFO [restartedMain] org.quartz.core.QuartzScheduler [QuartzScheduler.java : 229] Quartz Scheduler v.2.3.0 created.
2019-09-10 10:03:35,328 INFO [restartedMain] org.quartz.simpl.RAMJobStore [RAMJobStore.java : 155] RAMJobStore initialized.
2019-09-10 10:03:35,329 INFO [restartedMain] org.quartz.core.QuartzScheduler [QuartzScheduler.java : 294] Scheduler meta-data: Quartz Scheduler (v2.3.0) 'quartzScheduler' with instanceId 'NON_CLUSTERED'
  Scheduler class: 'org.quartz.core.QuartzScheduler' - running locally.
  NOT STARTED.
  Currently in standby mode.
  Number of jobs executed: 0
  Using thread pool 'org.quartz.simpl.SimpleThreadPool' - with 10 threads.
  Using job-store 'org.quartz.simpl.RAMJobStore' - which does not support persistence. and is not clustered.

2019-09-10 10:03:35,330 INFO [restartedMain] org.quartz.impl.StdSchedulerFactory [StdSchedulerFactory.java : 1362] Quartz scheduler 'quartzScheduler' initialized from an externally provided properties instance.
2019-09-10 10:03:35,330 INFO [restartedMain] org.quartz.impl.StdSchedulerFactory [StdSchedulerFactory.java : 1366] Quartz scheduler version: 2.3.0
2019-09-10 10:03:35,330 INFO [restartedMain] org.quartz.core.QuartzScheduler [QuartzScheduler.java : 2287] JobFactory set to: org.springframework.scheduling.quartz.SpringBeanJobFactory@220e5bde
2019-09-10 10:03:35,346 INFO [restartedMain] o.s.s.c.ThreadPoolTaskScheduler [ExecutorConfigurationSupport.java : 171] Initializing ExecutorService 'taskScheduler'
2019-09-10 10:03:35,425 INFO [restartedMain] s.d.s.w.p.DocumentationPluginsBootstrapper [DocumentationPluginsBootstrapper.java : 147] Context refreshed
2019-09-10 10:03:35,441 INFO [restartedMain] s.d.s.w.p.DocumentationPluginsBootstrapper [DocumentationPluginsBootstrapper.java : 150] Found 1 custom documentation plugin(s)
2019-09-10 10:03:35,474 INFO [restartedMain] s.d.s.w.s.ApiListingReferenceScanner [ApiListingReferenceScanner.java : 41] Scanning for api listing references
2019-09-10 10:03:35,627 INFO [restartedMain] s.d.s.w.r.o.CachingOperationNameGenerator [CachingOperationNameGenerator.java : 40] Generating unique operation named: commnetListUsingPOST_1
2019-09-10 10:03:35,629 INFO [restartedMain] s.d.s.w.r.o.CachingOperationNameGenerator [CachingOperationNameGenerator.java : 40] Generating unique operation named: deleteUsingPOST_1
2019-09-10 10:03:35,634 INFO [restartedMain] s.d.s.w.r.o.CachingOperationNameGenerator [CachingOperationNameGenerator.java : 40] Generating unique operation named: commnetListUsingPOST_2
2019-09-10 10:03:35,661 INFO [restartedMain] s.d.s.w.r.o.CachingOperationNameGenerator [CachingOperationNameGenerator.java : 40] Generating unique operation named: excelDownloadUsingGET_1
2019-09-10 10:03:35,664 INFO [restartedMain] s.d.s.w.r.o.CachingOperationNameGenerator [CachingOperationNameGenerator.java : 40] Generating unique operation named: excelDownloadUsingGET_2
2019-09-10 10:03:35,704 INFO [restartedMain] o.s.s.quartz.SchedulerFactoryBean [SchedulerFactoryBean.java : 726] Starting Quartz Scheduler now
2019-09-10 10:03:35,704 INFO [restartedMain] org.quartz.core.QuartzScheduler [QuartzScheduler.java : 547] Scheduler quartzScheduler_$_NON_CLUSTERED started.
2019-09-10 10:03:35,715 INFO [restartedMain] o.a.coyote.http11.Http11NioProtocol [DirectJDKLog.java : 173] Starting ProtocolHandler ["http-nio-82"]
2019-09-10 10:03:35,752 INFO [restartedMain] o.s.b.w.e.tomcat.TomcatWebServer [TomcatWebServer.java : 202] Tomcat started on port(s): 82 (http) with context path ''
2019-09-10 10:03:35,755 INFO [restartedMain] com.phonecard.Application [StartupInfoLogger.java : 59] Started Application in 5.977 seconds (JVM running for 7.481)
2019-09-10 10:03:48,863 INFO [http-nio-82-exec-1] o.a.c.c.C.[Tomcat].[localhost].[/] [DirectJDKLog.java : 173] Initializing Spring DispatcherServlet 'dispatcherServlet'
2019-09-10 10:03:48,863 INFO [http-nio-82-exec-1] o.s.web.servlet.DispatcherServlet [FrameworkServlet.java : 524] Initializing Servlet 'dispatcherServlet'
2019-09-10 10:03:48,874 INFO [http-nio-82-exec-1] o.s.web.servlet.DispatcherServlet [FrameworkServlet.java : 546] Completed initialization in 10 ms
2019-09-10 10:04:21,372 INFO [http-nio-82-exec-10] io.lettuce.core.EpollProvider [EpollProvider.java : 68] Starting without optional epoll library
2019-09-10 10:04:21,374 INFO [http-nio-82-exec-10] io.lettuce.core.KqueueProvider [KqueueProvider.java : 70] Starting without optional kqueue library
2019-09-10 10:30:43,312 INFO [Thread-18] org.quartz.core.QuartzScheduler [QuartzScheduler.java : 585] Scheduler quartzScheduler_$_NON_CLUSTERED paused.
2019-09-10 10:30:43,314 INFO [Thread-18] o.s.s.c.ThreadPoolTaskScheduler [ExecutorConfigurationSupport.java : 208] Shutting down ExecutorService 'taskScheduler'
2019-09-10 10:30:43,314 INFO [Thread-18] o.s.s.quartz.SchedulerFactoryBean [SchedulerFactoryBean.java : 844] Shutting down Quartz Scheduler
2019-09-10 10:30:43,314 INFO [Thread-18] org.quartz.core.QuartzScheduler [QuartzScheduler.java : 666] Scheduler quartzScheduler_$_NON_CLUSTERED shutting down.
2019-09-10 10:30:43,314 INFO [Thread-18] org.quartz.core.QuartzScheduler [QuartzScheduler.java : 585] Scheduler quartzScheduler_$_NON_CLUSTERED paused.
2019-09-10 10:30:43,315 INFO [Thread-18] org.quartz.core.QuartzScheduler [QuartzScheduler.java : 740] Scheduler quartzScheduler_$_NON_CLUSTERED shutdown complete.
2019-09-10 10:30:43,316 INFO [Thread-18] o.s.s.c.ThreadPoolTaskExecutor [ExecutorConfigurationSupport.java : 208] Shutting down ExecutorService 'applicationTaskExecutor'
2019-09-10 10:30:50,990 INFO [restartedMain] com.phonecard.Application [StartupInfoLogger.java : 50] Starting Application on PC-2017062 with PID 45124 (F:\phonecard\target\classes started by Administrator in F:\phonecard)
2019-09-10 10:30:50,993 INFO [restartedMain] com.phonecard.Application [SpringApplication.java : 650] The following profiles are active: mybatis,mybatis-config-javaconfig,mybatis-mapping-xml
2019-09-10 10:30:51,339 INFO [restartedMain] o.s.b.d.e.DevToolsPropertyDefaultsPostProcessor [DeferredLog.java : 225] Devtools property defaults active! Set 'spring.devtools.add-properties' to 'false' to disable
2019-09-10 10:30:51,339 INFO [restartedMain] o.s.b.d.e.DevToolsPropertyDefaultsPostProcessor [DeferredLog.java : 225] For additional web related logging consider setting the 'logging.level.web' property to 'DEBUG'
2019-09-10 10:30:52,275 INFO [restartedMain] o.s.d.r.c.RepositoryConfigurationDelegate [RepositoryConfigurationDelegate.java : 244] Multiple Spring Data modules found, entering strict repository configuration mode!
2019-09-10 10:30:52,277 INFO [restartedMain] o.s.d.r.c.RepositoryConfigurationDelegate [RepositoryConfigurationDelegate.java : 126] Bootstrapping Spring Data repositories in DEFAULT mode.
2019-09-10 10:30:52,308 INFO [restartedMain] o.s.d.r.c.RepositoryConfigurationDelegate [RepositoryConfigurationDelegate.java : 182] Finished Spring Data repository scanning in 20ms. Found 0 repository interfaces.
2019-09-10 10:30:52,642 INFO [restartedMain] o.s.c.s.PostProcessorRegistrationDelegate$BeanPostProcessorChecker [PostProcessorRegistrationDelegate.java : 330] Bean 'redisConfig' of type [com.phonecard.config.RedisConfig$$EnhancerBySpringCGLIB$$23183199] is not eligible for getting processed by all BeanPostProcessors (for example: not eligible for auto-proxying)
2019-09-10 10:30:52,651 INFO [restartedMain] o.s.c.s.PostProcessorRegistrationDelegate$BeanPostProcessorChecker [PostProcessorRegistrationDelegate.java : 330] Bean 'org.springframework.transaction.annotation.ProxyTransactionManagementConfiguration' of type [org.springframework.transaction.annotation.ProxyTransactionManagementConfiguration$$EnhancerBySpringCGLIB$$6a40dee6] is not eligible for getting processed by all BeanPostProcessors (for example: not eligible for auto-proxying)
2019-09-10 10:30:53,110 INFO [restartedMain] o.s.b.w.e.tomcat.TomcatWebServer [TomcatWebServer.java : 90] Tomcat initialized with port(s): 82 (http)
2019-09-10 10:30:53,125 INFO [restartedMain] o.a.coyote.http11.Http11NioProtocol [DirectJDKLog.java : 173] Initializing ProtocolHandler ["http-nio-82"]
2019-09-10 10:30:53,136 INFO [restartedMain] o.a.catalina.core.StandardService [DirectJDKLog.java : 173] Starting service [Tomcat]
2019-09-10 10:30:53,136 INFO [restartedMain] o.a.catalina.core.StandardEngine [DirectJDKLog.java : 173] Starting Servlet engine: [Apache Tomcat/9.0.21]
2019-09-10 10:30:53,245 INFO [restartedMain] o.a.c.c.C.[Tomcat].[localhost].[/] [DirectJDKLog.java : 173] Initializing Spring embedded WebApplicationContext
2019-09-10 10:30:53,246 INFO [restartedMain] o.s.web.context.ContextLoader [ServletWebServerApplicationContext.java : 283] Root WebApplicationContext: initialization completed in 1907 ms
2019-09-10 10:30:54,368 INFO [restartedMain] s.d.s.w.PropertySourcedRequestMappingHandlerMapping [PropertySourcedRequestMappingHandlerMapping.java : 69] Mapped URL path [/v2/api-docs] onto method [public org.springframework.http.ResponseEntity<springfox.documentation.spring.web.json.Json> springfox.documentation.swagger2.web.Swagger2Controller.getDocumentation(java.lang.String,javax.servlet.http.HttpServletRequest)]
2019-09-10 10:30:54,545 INFO [restartedMain] o.s.s.c.ThreadPoolTaskExecutor [ExecutorConfigurationSupport.java : 171] Initializing ExecutorService 'applicationTaskExecutor'
2019-09-10 10:30:54,597 INFO [restartedMain] o.s.b.d.a.OptionalLiveReloadServer [OptionalLiveReloadServer.java : 57] LiveReload server is running on port 35729
2019-09-10 10:30:55,883 INFO [restartedMain] org.quartz.impl.StdSchedulerFactory [StdSchedulerFactory.java : 1208] Using default implementation for ThreadExecutor
2019-09-10 10:30:55,897 INFO [restartedMain] o.quartz.core.SchedulerSignalerImpl [SchedulerSignalerImpl.java : 61] Initialized Scheduler Signaller of type: class org.quartz.core.SchedulerSignalerImpl
2019-09-10 10:30:55,897 INFO [restartedMain] org.quartz.core.QuartzScheduler [QuartzScheduler.java : 229] Quartz Scheduler v.2.3.0 created.
2019-09-10 10:30:55,898 INFO [restartedMain] org.quartz.simpl.RAMJobStore [RAMJobStore.java : 155] RAMJobStore initialized.
2019-09-10 10:30:55,899 INFO [restartedMain] org.quartz.core.QuartzScheduler [QuartzScheduler.java : 294] Scheduler meta-data: Quartz Scheduler (v2.3.0) 'quartzScheduler' with instanceId 'NON_CLUSTERED'
  Scheduler class: 'org.quartz.core.QuartzScheduler' - running locally.
  NOT STARTED.
  Currently in standby mode.
  Number of jobs executed: 0
  Using thread pool 'org.quartz.simpl.SimpleThreadPool' - with 10 threads.
  Using job-store 'org.quartz.simpl.RAMJobStore' - which does not support persistence. and is not clustered.

2019-09-10 10:30:55,899 INFO [restartedMain] org.quartz.impl.StdSchedulerFactory [StdSchedulerFactory.java : 1362] Quartz scheduler 'quartzScheduler' initialized from an externally provided properties instance.
2019-09-10 10:30:55,900 INFO [restartedMain] org.quartz.impl.StdSchedulerFactory [StdSchedulerFactory.java : 1366] Quartz scheduler version: 2.3.0
2019-09-10 10:30:55,900 INFO [restartedMain] org.quartz.core.QuartzScheduler [QuartzScheduler.java : 2287] JobFactory set to: org.springframework.scheduling.quartz.SpringBeanJobFactory@2289963d
2019-09-10 10:30:55,917 INFO [restartedMain] o.s.s.c.ThreadPoolTaskScheduler [ExecutorConfigurationSupport.java : 171] Initializing ExecutorService 'taskScheduler'
2019-09-10 10:30:56,010 INFO [restartedMain] s.d.s.w.p.DocumentationPluginsBootstrapper [DocumentationPluginsBootstrapper.java : 147] Context refreshed
2019-09-10 10:30:56,025 INFO [restartedMain] s.d.s.w.p.DocumentationPluginsBootstrapper [DocumentationPluginsBootstrapper.java : 150] Found 1 custom documentation plugin(s)
2019-09-10 10:30:56,061 INFO [restartedMain] s.d.s.w.s.ApiListingReferenceScanner [ApiListingReferenceScanner.java : 41] Scanning for api listing references
2019-09-10 10:30:56,219 INFO [restartedMain] s.d.s.w.r.o.CachingOperationNameGenerator [CachingOperationNameGenerator.java : 40] Generating unique operation named: commnetListUsingPOST_1
2019-09-10 10:30:56,222 INFO [restartedMain] s.d.s.w.r.o.CachingOperationNameGenerator [CachingOperationNameGenerator.java : 40] Generating unique operation named: deleteUsingPOST_1
2019-09-10 10:30:56,227 INFO [restartedMain] s.d.s.w.r.o.CachingOperationNameGenerator [CachingOperationNameGenerator.java : 40] Generating unique operation named: commnetListUsingPOST_2
2019-09-10 10:30:56,253 INFO [restartedMain] s.d.s.w.r.o.CachingOperationNameGenerator [CachingOperationNameGenerator.java : 40] Generating unique operation named: excelDownloadUsingGET_1
2019-09-10 10:30:56,256 INFO [restartedMain] s.d.s.w.r.o.CachingOperationNameGenerator [CachingOperationNameGenerator.java : 40] Generating unique operation named: excelDownloadUsingGET_2
2019-09-10 10:30:56,295 INFO [restartedMain] o.s.s.quartz.SchedulerFactoryBean [SchedulerFactoryBean.java : 726] Starting Quartz Scheduler now
2019-09-10 10:30:56,296 INFO [restartedMain] org.quartz.core.QuartzScheduler [QuartzScheduler.java : 547] Scheduler quartzScheduler_$_NON_CLUSTERED started.
2019-09-10 10:30:56,306 INFO [restartedMain] o.a.coyote.http11.Http11NioProtocol [DirectJDKLog.java : 173] Starting ProtocolHandler ["http-nio-82"]
2019-09-10 10:30:56,344 INFO [restartedMain] o.s.b.w.e.tomcat.TomcatWebServer [TomcatWebServer.java : 202] Tomcat started on port(s): 82 (http) with context path ''
2019-09-10 10:30:56,347 INFO [restartedMain] com.phonecard.Application [StartupInfoLogger.java : 59] Started Application in 6.343 seconds (JVM running for 7.908)
2019-09-10 10:30:58,328 INFO [http-nio-82-exec-1] o.a.c.c.C.[Tomcat].[localhost].[/] [DirectJDKLog.java : 173] Initializing Spring DispatcherServlet 'dispatcherServlet'
2019-09-10 10:30:58,328 INFO [http-nio-82-exec-1] o.s.web.servlet.DispatcherServlet [FrameworkServlet.java : 524] Initializing Servlet 'dispatcherServlet'
2019-09-10 10:30:58,337 INFO [http-nio-82-exec-1] o.s.web.servlet.DispatcherServlet [FrameworkServlet.java : 546] Completed initialization in 9 ms
2019-09-10 10:39:40,522 INFO [Thread-19] org.quartz.core.QuartzScheduler [QuartzScheduler.java : 585] Scheduler quartzScheduler_$_NON_CLUSTERED paused.
2019-09-10 10:39:40,524 INFO [Thread-19] o.s.s.c.ThreadPoolTaskScheduler [ExecutorConfigurationSupport.java : 208] Shutting down ExecutorService 'taskScheduler'
2019-09-10 10:39:40,524 INFO [Thread-19] o.s.s.quartz.SchedulerFactoryBean [SchedulerFactoryBean.java : 844] Shutting down Quartz Scheduler
2019-09-10 10:39:40,524 INFO [Thread-19] org.quartz.core.QuartzScheduler [QuartzScheduler.java : 666] Scheduler quartzScheduler_$_NON_CLUSTERED shutting down.
2019-09-10 10:39:40,524 INFO [Thread-19] org.quartz.core.QuartzScheduler [QuartzScheduler.java : 585] Scheduler quartzScheduler_$_NON_CLUSTERED paused.
2019-09-10 10:39:40,525 INFO [Thread-19] org.quartz.core.QuartzScheduler [QuartzScheduler.java : 740] Scheduler quartzScheduler_$_NON_CLUSTERED shutdown complete.
2019-09-10 10:39:40,526 INFO [Thread-19] o.s.s.c.ThreadPoolTaskExecutor [ExecutorConfigurationSupport.java : 208] Shutting down ExecutorService 'applicationTaskExecutor'
2019-09-10 10:39:47,247 INFO [restartedMain] com.phonecard.Application [StartupInfoLogger.java : 50] Starting Application on PC-2017062 with PID 48992 (F:\phonecard\target\classes started by Administrator in F:\phonecard)
2019-09-10 10:39:47,250 INFO [restartedMain] com.phonecard.Application [SpringApplication.java : 650] The following profiles are active: mybatis,mybatis-config-javaconfig,mybatis-mapping-xml
2019-09-10 10:39:47,465 INFO [restartedMain] o.s.b.d.e.DevToolsPropertyDefaultsPostProcessor [DeferredLog.java : 225] Devtools property defaults active! Set 'spring.devtools.add-properties' to 'false' to disable
2019-09-10 10:39:47,466 INFO [restartedMain] o.s.b.d.e.DevToolsPropertyDefaultsPostProcessor [DeferredLog.java : 225] For additional web related logging consider setting the 'logging.level.web' property to 'DEBUG'
2019-09-10 10:39:48,401 INFO [restartedMain] o.s.d.r.c.RepositoryConfigurationDelegate [RepositoryConfigurationDelegate.java : 244] Multiple Spring Data modules found, entering strict repository configuration mode!
2019-09-10 10:39:48,403 INFO [restartedMain] o.s.d.r.c.RepositoryConfigurationDelegate [RepositoryConfigurationDelegate.java : 126] Bootstrapping Spring Data repositories in DEFAULT mode.
2019-09-10 10:39:48,432 INFO [restartedMain] o.s.d.r.c.RepositoryConfigurationDelegate [RepositoryConfigurationDelegate.java : 182] Finished Spring Data repository scanning in 18ms. Found 0 repository interfaces.
2019-09-10 10:39:48,786 INFO [restartedMain] o.s.c.s.PostProcessorRegistrationDelegate$BeanPostProcessorChecker [PostProcessorRegistrationDelegate.java : 330] Bean 'redisConfig' of type [com.phonecard.config.RedisConfig$$EnhancerBySpringCGLIB$$ab622e16] is not eligible for getting processed by all BeanPostProcessors (for example: not eligible for auto-proxying)
2019-09-10 10:39:48,800 INFO [restartedMain] o.s.c.s.PostProcessorRegistrationDelegate$BeanPostProcessorChecker [PostProcessorRegistrationDelegate.java : 330] Bean 'org.springframework.transaction.annotation.ProxyTransactionManagementConfiguration' of type [org.springframework.transaction.annotation.ProxyTransactionManagementConfiguration$$EnhancerBySpringCGLIB$$f28adb63] is not eligible for getting processed by all BeanPostProcessors (for example: not eligible for auto-proxying)
2019-09-10 10:39:49,307 INFO [restartedMain] o.s.b.w.e.tomcat.TomcatWebServer [TomcatWebServer.java : 90] Tomcat initialized with port(s): 82 (http)
2019-09-10 10:39:49,324 INFO [restartedMain] o.a.coyote.http11.Http11NioProtocol [DirectJDKLog.java : 173] Initializing ProtocolHandler ["http-nio-82"]
2019-09-10 10:39:49,336 INFO [restartedMain] o.a.catalina.core.StandardService [DirectJDKLog.java : 173] Starting service [Tomcat]
2019-09-10 10:39:49,336 INFO [restartedMain] o.a.catalina.core.StandardEngine [DirectJDKLog.java : 173] Starting Servlet engine: [Apache Tomcat/9.0.21]
2019-09-10 10:39:49,457 INFO [restartedMain] o.a.c.c.C.[Tomcat].[localhost].[/] [DirectJDKLog.java : 173] Initializing Spring embedded WebApplicationContext
2019-09-10 10:39:49,458 INFO [restartedMain] o.s.web.context.ContextLoader [ServletWebServerApplicationContext.java : 283] Root WebApplicationContext: initialization completed in 1992 ms
2019-09-10 10:39:50,780 INFO [restartedMain] s.d.s.w.PropertySourcedRequestMappingHandlerMapping [PropertySourcedRequestMappingHandlerMapping.java : 69] Mapped URL path [/v2/api-docs] onto method [public org.springframework.http.ResponseEntity<springfox.documentation.spring.web.json.Json> springfox.documentation.swagger2.web.Swagger2Controller.getDocumentation(java.lang.String,javax.servlet.http.HttpServletRequest)]
2019-09-10 10:39:50,961 INFO [restartedMain] o.s.s.c.ThreadPoolTaskExecutor [ExecutorConfigurationSupport.java : 171] Initializing ExecutorService 'applicationTaskExecutor'
2019-09-10 10:39:51,010 INFO [restartedMain] o.s.b.d.a.OptionalLiveReloadServer [OptionalLiveReloadServer.java : 57] LiveReload server is running on port 35729
2019-09-10 10:39:52,287 INFO [restartedMain] org.quartz.impl.StdSchedulerFactory [StdSchedulerFactory.java : 1208] Using default implementation for ThreadExecutor
2019-09-10 10:39:52,301 INFO [restartedMain] o.quartz.core.SchedulerSignalerImpl [SchedulerSignalerImpl.java : 61] Initialized Scheduler Signaller of type: class org.quartz.core.SchedulerSignalerImpl
2019-09-10 10:39:52,301 INFO [restartedMain] org.quartz.core.QuartzScheduler [QuartzScheduler.java : 229] Quartz Scheduler v.2.3.0 created.
2019-09-10 10:39:52,302 INFO [restartedMain] org.quartz.simpl.RAMJobStore [RAMJobStore.java : 155] RAMJobStore initialized.
2019-09-10 10:39:52,303 INFO [restartedMain] org.quartz.core.QuartzScheduler [QuartzScheduler.java : 294] Scheduler meta-data: Quartz Scheduler (v2.3.0) 'quartzScheduler' with instanceId 'NON_CLUSTERED'
  Scheduler class: 'org.quartz.core.QuartzScheduler' - running locally.
  NOT STARTED.
  Currently in standby mode.
  Number of jobs executed: 0
  Using thread pool 'org.quartz.simpl.SimpleThreadPool' - with 10 threads.
  Using job-store 'org.quartz.simpl.RAMJobStore' - which does not support persistence. and is not clustered.

2019-09-10 10:39:52,304 INFO [restartedMain] org.quartz.impl.StdSchedulerFactory [StdSchedulerFactory.java : 1362] Quartz scheduler 'quartzScheduler' initialized from an externally provided properties instance.
2019-09-10 10:39:52,304 INFO [restartedMain] org.quartz.impl.StdSchedulerFactory [StdSchedulerFactory.java : 1366] Quartz scheduler version: 2.3.0
2019-09-10 10:39:52,304 INFO [restartedMain] org.quartz.core.QuartzScheduler [QuartzScheduler.java : 2287] JobFactory set to: org.springframework.scheduling.quartz.SpringBeanJobFactory@6733dc0f
2019-09-10 10:39:52,321 INFO [restartedMain] o.s.s.c.ThreadPoolTaskScheduler [ExecutorConfigurationSupport.java : 171] Initializing ExecutorService 'taskScheduler'
2019-09-10 10:39:52,406 INFO [restartedMain] s.d.s.w.p.DocumentationPluginsBootstrapper [DocumentationPluginsBootstrapper.java : 147] Context refreshed
2019-09-10 10:39:52,422 INFO [restartedMain] s.d.s.w.p.DocumentationPluginsBootstrapper [DocumentationPluginsBootstrapper.java : 150] Found 1 custom documentation plugin(s)
2019-09-10 10:39:52,459 INFO [restartedMain] s.d.s.w.s.ApiListingReferenceScanner [ApiListingReferenceScanner.java : 41] Scanning for api listing references
2019-09-10 10:39:52,620 INFO [restartedMain] s.d.s.w.r.o.CachingOperationNameGenerator [CachingOperationNameGenerator.java : 40] Generating unique operation named: commnetListUsingPOST_1
2019-09-10 10:39:52,623 INFO [restartedMain] s.d.s.w.r.o.CachingOperationNameGenerator [CachingOperationNameGenerator.java : 40] Generating unique operation named: deleteUsingPOST_1
2019-09-10 10:39:52,628 INFO [restartedMain] s.d.s.w.r.o.CachingOperationNameGenerator [CachingOperationNameGenerator.java : 40] Generating unique operation named: commnetListUsingPOST_2
2019-09-10 10:39:52,652 INFO [restartedMain] s.d.s.w.r.o.CachingOperationNameGenerator [CachingOperationNameGenerator.java : 40] Generating unique operation named: excelDownloadUsingGET_1
2019-09-10 10:39:52,654 INFO [restartedMain] s.d.s.w.r.o.CachingOperationNameGenerator [CachingOperationNameGenerator.java : 40] Generating unique operation named: excelDownloadUsingGET_2
2019-09-10 10:39:52,693 INFO [restartedMain] o.s.s.quartz.SchedulerFactoryBean [SchedulerFactoryBean.java : 726] Starting Quartz Scheduler now
2019-09-10 10:39:52,693 INFO [restartedMain] org.quartz.core.QuartzScheduler [QuartzScheduler.java : 547] Scheduler quartzScheduler_$_NON_CLUSTERED started.
2019-09-10 10:39:52,704 INFO [restartedMain] o.a.coyote.http11.Http11NioProtocol [DirectJDKLog.java : 173] Starting ProtocolHandler ["http-nio-82"]
2019-09-10 10:39:52,742 INFO [restartedMain] o.s.b.w.e.tomcat.TomcatWebServer [TomcatWebServer.java : 202] Tomcat started on port(s): 82 (http) with context path ''
2019-09-10 10:39:52,745 INFO [restartedMain] com.phonecard.Application [StartupInfoLogger.java : 59] Started Application in 6.375 seconds (JVM running for 8.091)
2019-09-10 10:40:12,856 INFO [http-nio-82-exec-1] o.a.c.c.C.[Tomcat].[localhost].[/] [DirectJDKLog.java : 173] Initializing Spring DispatcherServlet 'dispatcherServlet'
2019-09-10 10:40:12,857 INFO [http-nio-82-exec-1] o.s.web.servlet.DispatcherServlet [FrameworkServlet.java : 524] Initializing Servlet 'dispatcherServlet'
2019-09-10 10:40:12,868 INFO [http-nio-82-exec-1] o.s.web.servlet.DispatcherServlet [FrameworkServlet.java : 546] Completed initialization in 11 ms
2019-09-10 10:42:34,846 INFO [http-nio-82-exec-9] io.lettuce.core.EpollProvider [EpollProvider.java : 68] Starting without optional epoll library
2019-09-10 10:42:34,849 INFO [http-nio-82-exec-9] io.lettuce.core.KqueueProvider [KqueueProvider.java : 70] Starting without optional kqueue library
2019-09-10 10:48:53,163 INFO [Thread-20] org.quartz.core.QuartzScheduler [QuartzScheduler.java : 585] Scheduler quartzScheduler_$_NON_CLUSTERED paused.
2019-09-10 10:48:53,164 INFO [Thread-20] o.s.s.c.ThreadPoolTaskScheduler [ExecutorConfigurationSupport.java : 208] Shutting down ExecutorService 'taskScheduler'
2019-09-10 10:48:53,164 INFO [Thread-20] o.s.s.quartz.SchedulerFactoryBean [SchedulerFactoryBean.java : 844] Shutting down Quartz Scheduler
2019-09-10 10:48:53,165 INFO [Thread-20] org.quartz.core.QuartzScheduler [QuartzScheduler.java : 666] Scheduler quartzScheduler_$_NON_CLUSTERED shutting down.
2019-09-10 10:48:53,165 INFO [Thread-20] org.quartz.core.QuartzScheduler [QuartzScheduler.java : 585] Scheduler quartzScheduler_$_NON_CLUSTERED paused.
2019-09-10 10:48:53,165 INFO [Thread-20] org.quartz.core.QuartzScheduler [QuartzScheduler.java : 740] Scheduler quartzScheduler_$_NON_CLUSTERED shutdown complete.
2019-09-10 10:48:53,167 INFO [Thread-20] o.s.s.c.ThreadPoolTaskExecutor [ExecutorConfigurationSupport.java : 208] Shutting down ExecutorService 'applicationTaskExecutor'
2019-09-10 10:49:01,327 INFO [restartedMain] com.phonecard.Application [StartupInfoLogger.java : 50] Starting Application on PC-2017062 with PID 45180 (F:\phonecard\target\classes started by Administrator in F:\phonecard)
2019-09-10 10:49:01,339 INFO [restartedMain] com.phonecard.Application [SpringApplication.java : 650] The following profiles are active: mybatis,mybatis-config-javaconfig,mybatis-mapping-xml
2019-09-10 10:49:02,332 INFO [restartedMain] o.s.b.d.e.DevToolsPropertyDefaultsPostProcessor [DeferredLog.java : 225] Devtools property defaults active! Set 'spring.devtools.add-properties' to 'false' to disable
2019-09-10 10:49:02,332 INFO [restartedMain] o.s.b.d.e.DevToolsPropertyDefaultsPostProcessor [DeferredLog.java : 225] For additional web related logging consider setting the 'logging.level.web' property to 'DEBUG'
2019-09-10 10:49:03,401 INFO [restartedMain] o.s.d.r.c.RepositoryConfigurationDelegate [RepositoryConfigurationDelegate.java : 244] Multiple Spring Data modules found, entering strict repository configuration mode!
2019-09-10 10:49:03,403 INFO [restartedMain] o.s.d.r.c.RepositoryConfigurationDelegate [RepositoryConfigurationDelegate.java : 126] Bootstrapping Spring Data repositories in DEFAULT mode.
2019-09-10 10:49:03,431 INFO [restartedMain] o.s.d.r.c.RepositoryConfigurationDelegate [RepositoryConfigurationDelegate.java : 182] Finished Spring Data repository scanning in 17ms. Found 0 repository interfaces.
2019-09-10 10:49:03,778 INFO [restartedMain] o.s.c.s.PostProcessorRegistrationDelegate$BeanPostProcessorChecker [PostProcessorRegistrationDelegate.java : 330] Bean 'redisConfig' of type [com.phonecard.config.RedisConfig$$EnhancerBySpringCGLIB$$5a75cbe6] is not eligible for getting processed by all BeanPostProcessors (for example: not eligible for auto-proxying)
2019-09-10 10:49:03,788 INFO [restartedMain] o.s.c.s.PostProcessorRegistrationDelegate$BeanPostProcessorChecker [PostProcessorRegistrationDelegate.java : 330] Bean 'org.springframework.transaction.annotation.ProxyTransactionManagementConfiguration' of type [org.springframework.transaction.annotation.ProxyTransactionManagementConfiguration$$EnhancerBySpringCGLIB$$a19e7933] is not eligible for getting processed by all BeanPostProcessors (for example: not eligible for auto-proxying)
2019-09-10 10:49:04,227 INFO [restartedMain] o.s.b.w.e.tomcat.TomcatWebServer [TomcatWebServer.java : 90] Tomcat initialized with port(s): 82 (http)
2019-09-10 10:49:04,242 INFO [restartedMain] o.a.coyote.http11.Http11NioProtocol [DirectJDKLog.java : 173] Initializing ProtocolHandler ["http-nio-82"]
2019-09-10 10:49:04,253 INFO [restartedMain] o.a.catalina.core.StandardService [DirectJDKLog.java : 173] Starting service [Tomcat]
2019-09-10 10:49:04,254 INFO [restartedMain] o.a.catalina.core.StandardEngine [DirectJDKLog.java : 173] Starting Servlet engine: [Apache Tomcat/9.0.21]
2019-09-10 10:49:04,361 INFO [restartedMain] o.a.c.c.C.[Tomcat].[localhost].[/] [DirectJDKLog.java : 173] Initializing Spring embedded WebApplicationContext
2019-09-10 10:49:04,361 INFO [restartedMain] o.s.web.context.ContextLoader [ServletWebServerApplicationContext.java : 283] Root WebApplicationContext: initialization completed in 2028 ms
2019-09-10 10:49:05,518 INFO [restartedMain] s.d.s.w.PropertySourcedRequestMappingHandlerMapping [PropertySourcedRequestMappingHandlerMapping.java : 69] Mapped URL path [/v2/api-docs] onto method [public org.springframework.http.ResponseEntity<springfox.documentation.spring.web.json.Json> springfox.documentation.swagger2.web.Swagger2Controller.getDocumentation(java.lang.String,javax.servlet.http.HttpServletRequest)]
2019-09-10 10:49:05,709 INFO [restartedMain] o.s.s.c.ThreadPoolTaskExecutor [ExecutorConfigurationSupport.java : 171] Initializing ExecutorService 'applicationTaskExecutor'
2019-09-10 10:49:05,765 INFO [restartedMain] o.s.b.d.a.OptionalLiveReloadServer [OptionalLiveReloadServer.java : 57] LiveReload server is running on port 35729
2019-09-10 10:49:07,069 INFO [restartedMain] org.quartz.impl.StdSchedulerFactory [StdSchedulerFactory.java : 1208] Using default implementation for ThreadExecutor
2019-09-10 10:49:07,083 INFO [restartedMain] o.quartz.core.SchedulerSignalerImpl [SchedulerSignalerImpl.java : 61] Initialized Scheduler Signaller of type: class org.quartz.core.SchedulerSignalerImpl
2019-09-10 10:49:07,083 INFO [restartedMain] org.quartz.core.QuartzScheduler [QuartzScheduler.java : 229] Quartz Scheduler v.2.3.0 created.
2019-09-10 10:49:07,084 INFO [restartedMain] org.quartz.simpl.RAMJobStore [RAMJobStore.java : 155] RAMJobStore initialized.
2019-09-10 10:49:07,085 INFO [restartedMain] org.quartz.core.QuartzScheduler [QuartzScheduler.java : 294] Scheduler meta-data: Quartz Scheduler (v2.3.0) 'quartzScheduler' with instanceId 'NON_CLUSTERED'
  Scheduler class: 'org.quartz.core.QuartzScheduler' - running locally.
  NOT STARTED.
  Currently in standby mode.
  Number of jobs executed: 0
  Using thread pool 'org.quartz.simpl.SimpleThreadPool' - with 10 threads.
  Using job-store 'org.quartz.simpl.RAMJobStore' - which does not support persistence. and is not clustered.

2019-09-10 10:49:07,085 INFO [restartedMain] org.quartz.impl.StdSchedulerFactory [StdSchedulerFactory.java : 1362] Quartz scheduler 'quartzScheduler' initialized from an externally provided properties instance.
2019-09-10 10:49:07,085 INFO [restartedMain] org.quartz.impl.StdSchedulerFactory [StdSchedulerFactory.java : 1366] Quartz scheduler version: 2.3.0
2019-09-10 10:49:07,085 INFO [restartedMain] org.quartz.core.QuartzScheduler [QuartzScheduler.java : 2287] JobFactory set to: org.springframework.scheduling.quartz.SpringBeanJobFactory@864caac
2019-09-10 10:49:07,103 INFO [restartedMain] o.s.s.c.ThreadPoolTaskScheduler [ExecutorConfigurationSupport.java : 171] Initializing ExecutorService 'taskScheduler'
2019-09-10 10:49:07,190 INFO [restartedMain] s.d.s.w.p.DocumentationPluginsBootstrapper [DocumentationPluginsBootstrapper.java : 147] Context refreshed
2019-09-10 10:49:07,205 INFO [restartedMain] s.d.s.w.p.DocumentationPluginsBootstrapper [DocumentationPluginsBootstrapper.java : 150] Found 1 custom documentation plugin(s)
2019-09-10 10:49:07,239 INFO [restartedMain] s.d.s.w.s.ApiListingReferenceScanner [ApiListingReferenceScanner.java : 41] Scanning for api listing references
2019-09-10 10:49:07,394 INFO [restartedMain] s.d.s.w.r.o.CachingOperationNameGenerator [CachingOperationNameGenerator.java : 40] Generating unique operation named: commnetListUsingPOST_1
2019-09-10 10:49:07,396 INFO [restartedMain] s.d.s.w.r.o.CachingOperationNameGenerator [CachingOperationNameGenerator.java : 40] Generating unique operation named: deleteUsingPOST_1
2019-09-10 10:49:07,402 INFO [restartedMain] s.d.s.w.r.o.CachingOperationNameGenerator [CachingOperationNameGenerator.java : 40] Generating unique operation named: commnetListUsingPOST_2
2019-09-10 10:49:07,427 INFO [restartedMain] s.d.s.w.r.o.CachingOperationNameGenerator [CachingOperationNameGenerator.java : 40] Generating unique operation named: excelDownloadUsingGET_1
2019-09-10 10:49:07,430 INFO [restartedMain] s.d.s.w.r.o.CachingOperationNameGenerator [CachingOperationNameGenerator.java : 40] Generating unique operation named: excelDownloadUsingGET_2
2019-09-10 10:49:07,471 INFO [restartedMain] o.s.s.quartz.SchedulerFactoryBean [SchedulerFactoryBean.java : 726] Starting Quartz Scheduler now
2019-09-10 10:49:07,472 INFO [restartedMain] org.quartz.core.QuartzScheduler [QuartzScheduler.java : 547] Scheduler quartzScheduler_$_NON_CLUSTERED started.
2019-09-10 10:49:07,482 INFO [restartedMain] o.a.coyote.http11.Http11NioProtocol [DirectJDKLog.java : 173] Starting ProtocolHandler ["http-nio-82"]
2019-09-10 10:49:07,547 INFO [restartedMain] o.s.b.w.e.tomcat.TomcatWebServer [TomcatWebServer.java : 202] Tomcat started on port(s): 82 (http) with context path ''
2019-09-10 10:49:07,550 INFO [restartedMain] com.phonecard.Application [StartupInfoLogger.java : 59] Started Application in 7.34 seconds (JVM running for 9.34)
2019-09-10 10:49:21,327 INFO [http-nio-82-exec-1] o.a.c.c.C.[Tomcat].[localhost].[/] [DirectJDKLog.java : 173] Initializing Spring DispatcherServlet 'dispatcherServlet'
2019-09-10 10:49:21,327 INFO [http-nio-82-exec-1] o.s.web.servlet.DispatcherServlet [FrameworkServlet.java : 524] Initializing Servlet 'dispatcherServlet'
2019-09-10 10:49:21,337 INFO [http-nio-82-exec-1] o.s.web.servlet.DispatcherServlet [FrameworkServlet.java : 546] Completed initialization in 9 ms
2019-09-10 10:49:31,717 INFO [http-nio-82-exec-1] io.lettuce.core.EpollProvider [EpollProvider.java : 68] Starting without optional epoll library
2019-09-10 10:49:31,719 INFO [http-nio-82-exec-1] io.lettuce.core.KqueueProvider [KqueueProvider.java : 70] Starting without optional kqueue library
2019-09-10 11:24:29,081 INFO [Thread-11] org.quartz.core.QuartzScheduler [QuartzScheduler.java : 585] Scheduler quartzScheduler_$_NON_CLUSTERED paused.
2019-09-10 11:24:29,087 INFO [Thread-11] o.s.s.c.ThreadPoolTaskScheduler [ExecutorConfigurationSupport.java : 208] Shutting down ExecutorService 'taskScheduler'
2019-09-10 11:24:29,088 INFO [Thread-11] o.s.s.quartz.SchedulerFactoryBean [SchedulerFactoryBean.java : 844] Shutting down Quartz Scheduler
2019-09-10 11:24:29,088 INFO [Thread-11] org.quartz.core.QuartzScheduler [QuartzScheduler.java : 666] Scheduler quartzScheduler_$_NON_CLUSTERED shutting down.
2019-09-10 11:24:29,088 INFO [Thread-11] org.quartz.core.QuartzScheduler [QuartzScheduler.java : 585] Scheduler quartzScheduler_$_NON_CLUSTERED paused.
2019-09-10 11:24:29,088 INFO [Thread-11] org.quartz.core.QuartzScheduler [QuartzScheduler.java : 740] Scheduler quartzScheduler_$_NON_CLUSTERED shutdown complete.
2019-09-10 11:24:29,092 INFO [Thread-11] o.s.s.c.ThreadPoolTaskExecutor [ExecutorConfigurationSupport.java : 208] Shutting down ExecutorService 'applicationTaskExecutor'
2019-09-10 11:24:31,124 INFO [restartedMain] com.phonecard.Application [StartupInfoLogger.java : 50] Starting Application on PC-2017062 with PID 45180 (F:\phonecard\target\classes started by Administrator in F:\phonecard)
2019-09-10 11:24:31,125 INFO [restartedMain] com.phonecard.Application [SpringApplication.java : 650] The following profiles are active: mybatis,mybatis-config-javaconfig,mybatis-mapping-xml
2019-09-10 11:24:31,537 INFO [restartedMain] o.s.d.r.c.RepositoryConfigurationDelegate [RepositoryConfigurationDelegate.java : 244] Multiple Spring Data modules found, entering strict repository configuration mode!
2019-09-10 11:24:31,537 INFO [restartedMain] o.s.d.r.c.RepositoryConfigurationDelegate [RepositoryConfigurationDelegate.java : 126] Bootstrapping Spring Data repositories in DEFAULT mode.
2019-09-10 11:24:31,539 INFO [restartedMain] o.s.d.r.c.RepositoryConfigurationDelegate [RepositoryConfigurationDelegate.java : 182] Finished Spring Data repository scanning in 1ms. Found 0 repository interfaces.
2019-09-10 11:24:31,607 INFO [restartedMain] o.s.c.s.PostProcessorRegistrationDelegate$BeanPostProcessorChecker [PostProcessorRegistrationDelegate.java : 330] Bean 'org.springframework.transaction.annotation.ProxyTransactionManagementConfiguration' of type [org.springframework.transaction.annotation.ProxyTransactionManagementConfiguration$$EnhancerBySpringCGLIB$$a19e7933] is not eligible for getting processed by all BeanPostProcessors (for example: not eligible for auto-proxying)
2019-09-10 11:24:31,915 INFO [restartedMain] o.s.b.w.e.tomcat.TomcatWebServer [TomcatWebServer.java : 90] Tomcat initialized with port(s): 82 (http)
2019-09-10 11:24:31,920 INFO [restartedMain] o.a.coyote.http11.Http11NioProtocol [DirectJDKLog.java : 173] Initializing ProtocolHandler ["http-nio-82"]
2019-09-10 11:24:31,921 INFO [restartedMain] o.a.catalina.core.StandardService [DirectJDKLog.java : 173] Starting service [Tomcat]
2019-09-10 11:24:31,924 INFO [restartedMain] o.a.catalina.core.StandardEngine [DirectJDKLog.java : 173] Starting Servlet engine: [Apache Tomcat/9.0.21]
2019-09-10 11:24:31,953 INFO [restartedMain] o.a.c.c.C.[Tomcat].[localhost].[/] [DirectJDKLog.java : 173] Initializing Spring embedded WebApplicationContext
2019-09-10 11:24:31,955 INFO [restartedMain] o.s.web.context.ContextLoader [ServletWebServerApplicationContext.java : 283] Root WebApplicationContext: initialization completed in 828 ms
2019-09-10 11:24:32,156 INFO [restartedMain] s.d.s.w.PropertySourcedRequestMappingHandlerMapping [PropertySourcedRequestMappingHandlerMapping.java : 69] Mapped URL path [/v2/api-docs] onto method [public org.springframework.http.ResponseEntity<springfox.documentation.spring.web.json.Json> springfox.documentation.swagger2.web.Swagger2Controller.getDocumentation(java.lang.String,javax.servlet.http.HttpServletRequest)]
2019-09-10 11:24:32,209 INFO [restartedMain] o.s.s.c.ThreadPoolTaskExecutor [ExecutorConfigurationSupport.java : 171] Initializing ExecutorService 'applicationTaskExecutor'
2019-09-10 11:24:32,222 INFO [restartedMain] o.s.b.d.a.OptionalLiveReloadServer [OptionalLiveReloadServer.java : 57] LiveReload server is running on port 35729
2019-09-10 11:24:32,308 INFO [restartedMain] o.s.s.c.ThreadPoolTaskExecutor [ExecutorConfigurationSupport.java : 208] Shutting down ExecutorService 'applicationTaskExecutor'
2019-09-10 11:24:32,309 INFO [restartedMain] o.a.catalina.core.StandardService [DirectJDKLog.java : 173] Stopping service [Tomcat]
2019-09-10 11:24:32,343 INFO [restartedMain] o.s.b.a.l.ConditionEvaluationReportLoggingListener [ConditionEvaluationReportLoggingListener.java : 135] 

Error starting ApplicationContext. To display the conditions report re-run your application with 'debug' enabled.
2019-09-10 11:24:35,149 INFO [restartedMain] com.phonecard.Application [StartupInfoLogger.java : 50] Starting Application on PC-2017062 with PID 45180 (F:\phonecard\target\classes started by Administrator in F:\phonecard)
2019-09-10 11:24:35,149 INFO [restartedMain] com.phonecard.Application [SpringApplication.java : 650] The following profiles are active: mybatis,mybatis-config-javaconfig,mybatis-mapping-xml
2019-09-10 11:24:35,568 INFO [restartedMain] o.s.d.r.c.RepositoryConfigurationDelegate [RepositoryConfigurationDelegate.java : 244] Multiple Spring Data modules found, entering strict repository configuration mode!
2019-09-10 11:24:35,568 INFO [restartedMain] o.s.d.r.c.RepositoryConfigurationDelegate [RepositoryConfigurationDelegate.java : 126] Bootstrapping Spring Data repositories in DEFAULT mode.
2019-09-10 11:24:35,575 INFO [restartedMain] o.s.d.r.c.RepositoryConfigurationDelegate [RepositoryConfigurationDelegate.java : 182] Finished Spring Data repository scanning in 7ms. Found 0 repository interfaces.
2019-09-10 11:24:35,637 INFO [restartedMain] o.s.c.s.PostProcessorRegistrationDelegate$BeanPostProcessorChecker [PostProcessorRegistrationDelegate.java : 330] Bean 'redisConfig' of type [com.phonecard.config.RedisConfig$$EnhancerBySpringCGLIB$$5a75cbe6] is not eligible for getting processed by all BeanPostProcessors (for example: not eligible for auto-proxying)
2019-09-10 11:24:35,640 INFO [restartedMain] o.s.c.s.PostProcessorRegistrationDelegate$BeanPostProcessorChecker [PostProcessorRegistrationDelegate.java : 330] Bean 'org.springframework.transaction.annotation.ProxyTransactionManagementConfiguration' of type [org.springframework.transaction.annotation.ProxyTransactionManagementConfiguration$$EnhancerBySpringCGLIB$$a19e7933] is not eligible for getting processed by all BeanPostProcessors (for example: not eligible for auto-proxying)
2019-09-10 11:24:35,766 INFO [restartedMain] o.s.b.w.e.tomcat.TomcatWebServer [TomcatWebServer.java : 90] Tomcat initialized with port(s): 82 (http)
2019-09-10 11:24:35,767 INFO [restartedMain] o.a.coyote.http11.Http11NioProtocol [DirectJDKLog.java : 173] Initializing ProtocolHandler ["http-nio-82"]
2019-09-10 11:24:35,767 INFO [restartedMain] o.a.catalina.core.StandardService [DirectJDKLog.java : 173] Starting service [Tomcat]
2019-09-10 11:24:35,768 INFO [restartedMain] o.a.catalina.core.StandardEngine [DirectJDKLog.java : 173] Starting Servlet engine: [Apache Tomcat/9.0.21]
2019-09-10 11:24:35,784 INFO [restartedMain] o.a.c.c.C.[Tomcat-1].[localhost].[/] [DirectJDKLog.java : 173] Initializing Spring embedded WebApplicationContext
2019-09-10 11:24:35,784 INFO [restartedMain] o.s.web.context.ContextLoader [ServletWebServerApplicationContext.java : 283] Root WebApplicationContext: initialization completed in 632 ms
2019-09-10 11:24:36,357 INFO [restartedMain] s.d.s.w.PropertySourcedRequestMappingHandlerMapping [PropertySourcedRequestMappingHandlerMapping.java : 69] Mapped URL path [/v2/api-docs] onto method [public org.springframework.http.ResponseEntity<springfox.documentation.spring.web.json.Json> springfox.documentation.swagger2.web.Swagger2Controller.getDocumentation(java.lang.String,javax.servlet.http.HttpServletRequest)]
2019-09-10 11:24:36,442 INFO [restartedMain] o.s.s.c.ThreadPoolTaskExecutor [ExecutorConfigurationSupport.java : 171] Initializing ExecutorService 'applicationTaskExecutor'
2019-09-10 11:24:36,457 INFO [restartedMain] o.s.b.d.a.OptionalLiveReloadServer [OptionalLiveReloadServer.java : 57] LiveReload server is running on port 35729
2019-09-10 11:24:37,333 INFO [restartedMain] org.quartz.impl.StdSchedulerFactory [StdSchedulerFactory.java : 1208] Using default implementation for ThreadExecutor
2019-09-10 11:24:37,340 INFO [restartedMain] o.quartz.core.SchedulerSignalerImpl [SchedulerSignalerImpl.java : 61] Initialized Scheduler Signaller of type: class org.quartz.core.SchedulerSignalerImpl
2019-09-10 11:24:37,340 INFO [restartedMain] org.quartz.core.QuartzScheduler [QuartzScheduler.java : 229] Quartz Scheduler v.2.3.0 created.
2019-09-10 11:24:37,340 INFO [restartedMain] org.quartz.simpl.RAMJobStore [RAMJobStore.java : 155] RAMJobStore initialized.
2019-09-10 11:24:37,340 INFO [restartedMain] org.quartz.core.QuartzScheduler [QuartzScheduler.java : 294] Scheduler meta-data: Quartz Scheduler (v2.3.0) 'quartzScheduler' with instanceId 'NON_CLUSTERED'
  Scheduler class: 'org.quartz.core.QuartzScheduler' - running locally.
  NOT STARTED.
  Currently in standby mode.
  Number of jobs executed: 0
  Using thread pool 'org.quartz.simpl.SimpleThreadPool' - with 10 threads.
  Using job-store 'org.quartz.simpl.RAMJobStore' - which does not support persistence. and is not clustered.

2019-09-10 11:24:37,341 INFO [restartedMain] org.quartz.impl.StdSchedulerFactory [StdSchedulerFactory.java : 1362] Quartz scheduler 'quartzScheduler' initialized from an externally provided properties instance.
2019-09-10 11:24:37,341 INFO [restartedMain] org.quartz.impl.StdSchedulerFactory [StdSchedulerFactory.java : 1366] Quartz scheduler version: 2.3.0
2019-09-10 11:24:37,341 INFO [restartedMain] org.quartz.core.QuartzScheduler [QuartzScheduler.java : 2287] JobFactory set to: org.springframework.scheduling.quartz.SpringBeanJobFactory@4d0e1e8d
2019-09-10 11:24:37,350 INFO [restartedMain] o.s.s.c.ThreadPoolTaskScheduler [ExecutorConfigurationSupport.java : 171] Initializing ExecutorService 'taskScheduler'
2019-09-10 11:24:37,403 INFO [restartedMain] s.d.s.w.p.DocumentationPluginsBootstrapper [DocumentationPluginsBootstrapper.java : 147] Context refreshed
2019-09-10 11:24:37,404 INFO [restartedMain] s.d.s.w.p.DocumentationPluginsBootstrapper [DocumentationPluginsBootstrapper.java : 150] Found 1 custom documentation plugin(s)
2019-09-10 11:24:37,411 INFO [restartedMain] s.d.s.w.s.ApiListingReferenceScanner [ApiListingReferenceScanner.java : 41] Scanning for api listing references
2019-09-10 11:24:37,445 INFO [restartedMain] s.d.s.w.r.o.CachingOperationNameGenerator [CachingOperationNameGenerator.java : 40] Generating unique operation named: commnetListUsingPOST_1
2019-09-10 11:24:37,446 INFO [restartedMain] s.d.s.w.r.o.CachingOperationNameGenerator [CachingOperationNameGenerator.java : 40] Generating unique operation named: deleteUsingPOST_1
2019-09-10 11:24:37,449 INFO [restartedMain] s.d.s.w.r.o.CachingOperationNameGenerator [CachingOperationNameGenerator.java : 40] Generating unique operation named: commnetListUsingPOST_2
2019-09-10 11:24:37,467 INFO [restartedMain] s.d.s.w.r.o.CachingOperationNameGenerator [CachingOperationNameGenerator.java : 40] Generating unique operation named: excelDownloadUsingGET_1
2019-09-10 11:24:37,469 INFO [restartedMain] s.d.s.w.r.o.CachingOperationNameGenerator [CachingOperationNameGenerator.java : 40] Generating unique operation named: excelDownloadUsingGET_2
2019-09-10 11:24:37,494 INFO [restartedMain] o.s.s.quartz.SchedulerFactoryBean [SchedulerFactoryBean.java : 726] Starting Quartz Scheduler now
2019-09-10 11:24:37,494 INFO [restartedMain] org.quartz.core.QuartzScheduler [QuartzScheduler.java : 547] Scheduler quartzScheduler_$_NON_CLUSTERED started.
2019-09-10 11:24:37,499 INFO [restartedMain] o.a.coyote.http11.Http11NioProtocol [DirectJDKLog.java : 173] Starting ProtocolHandler ["http-nio-82"]
2019-09-10 11:24:37,514 INFO [restartedMain] o.s.b.w.e.tomcat.TomcatWebServer [TomcatWebServer.java : 202] Tomcat started on port(s): 82 (http) with context path ''
2019-09-10 11:24:37,515 INFO [restartedMain] com.phonecard.Application [StartupInfoLogger.java : 59] Started Application in 2.425 seconds (JVM running for 2139.172)
2019-09-10 11:24:37,518 INFO [restartedMain] o.s.b.d.a.ConditionEvaluationDeltaLoggingListener [ConditionEvaluationDeltaLoggingListener.java : 63] Condition evaluation unchanged
2019-09-10 11:24:52,692 INFO [Thread-31] org.quartz.core.QuartzScheduler [QuartzScheduler.java : 585] Scheduler quartzScheduler_$_NON_CLUSTERED paused.
2019-09-10 11:24:52,694 INFO [Thread-31] o.s.s.c.ThreadPoolTaskScheduler [ExecutorConfigurationSupport.java : 208] Shutting down ExecutorService 'taskScheduler'
2019-09-10 11:24:52,695 INFO [Thread-31] o.s.s.quartz.SchedulerFactoryBean [SchedulerFactoryBean.java : 844] Shutting down Quartz Scheduler
2019-09-10 11:24:52,695 INFO [Thread-31] org.quartz.core.QuartzScheduler [QuartzScheduler.java : 666] Scheduler quartzScheduler_$_NON_CLUSTERED shutting down.
2019-09-10 11:24:52,695 INFO [Thread-31] org.quartz.core.QuartzScheduler [QuartzScheduler.java : 585] Scheduler quartzScheduler_$_NON_CLUSTERED paused.
2019-09-10 11:24:52,695 INFO [Thread-31] org.quartz.core.QuartzScheduler [QuartzScheduler.java : 740] Scheduler quartzScheduler_$_NON_CLUSTERED shutdown complete.
2019-09-10 11:24:52,696 INFO [Thread-31] o.s.s.c.ThreadPoolTaskExecutor [ExecutorConfigurationSupport.java : 208] Shutting down ExecutorService 'applicationTaskExecutor'
